{"C:\\Users\\nilsk\\Saxion\\jaar 4\\AAD specialisatie\\Backend Development\\AAD - Backend Development\\Assignment-1\\Express\\src\\config.ts": {"path":"C:\\Users\\nilsk\\Saxion\\jaar 4\\AAD specialisatie\\Backend Development\\AAD - Backend Development\\Assignment-1\\Express\\src\\config.ts","statementMap":{"0":{"start":{"line":1,"column":15},"end":{"line":5,"column":2}},"1":{"start":{"line":7,"column":0},"end":{"line":7,"column":22}}},"fnMap":{},"branchMap":{"0":{"loc":{"start":{"line":2,"column":11},"end":{"line":2,"column":45}},"type":"binary-expr","locations":[{"start":{"line":2,"column":11},"end":{"line":2,"column":30}},{"start":{"line":2,"column":34},"end":{"line":2,"column":45}}]},"1":{"loc":{"start":{"line":3,"column":11},"end":{"line":3,"column":39}},"type":"binary-expr","locations":[{"start":{"line":3,"column":11},"end":{"line":3,"column":30}},{"start":{"line":3,"column":34},"end":{"line":3,"column":39}}]},"2":{"loc":{"start":{"line":4,"column":11},"end":{"line":4,"column":53}},"type":"binary-expr","locations":[{"start":{"line":4,"column":11},"end":{"line":4,"column":30}},{"start":{"line":4,"column":34},"end":{"line":4,"column":53}}]}},"s":{"0":0,"1":0},"f":{},"b":{"0":[0,0],"1":[0,0],"2":[0,0]}}
,"C:\\Users\\nilsk\\Saxion\\jaar 4\\AAD specialisatie\\Backend Development\\AAD - Backend Development\\Assignment-1\\Express\\src\\index.ts": {"path":"C:\\Users\\nilsk\\Saxion\\jaar 4\\AAD specialisatie\\Backend Development\\AAD - Backend Development\\Assignment-1\\Express\\src\\index.ts","statementMap":{"0":{"start":{"line":3,"column":0},"end":{"line":3,"column":45}},"1":{"start":{"line":4,"column":0},"end":{"line":4,"column":42}},"2":{"start":{"line":6,"column":21},"end":{"line":6,"column":35}},"3":{"start":{"line":7,"column":13},"end":{"line":7,"column":17}},"4":{"start":{"line":10,"column":17},"end":{"line":10,"column":25}},"5":{"start":{"line":12,"column":0},"end":{"line":14,"column":3}},"6":{"start":{"line":13,"column":2},"end":{"line":13,"column":55}}},"fnMap":{"0":{"name":"(anonymous_1)","decl":{"start":{"line":12,"column":17},"end":{"line":12,"column":20}},"loc":{"start":{"line":12,"column":22},"end":{"line":14,"column":1}}}},"branchMap":{},"s":{"0":0,"1":0,"2":0,"3":0,"4":0,"5":0,"6":0},"f":{"0":0},"b":{}}
,"C:\\Users\\nilsk\\Saxion\\jaar 4\\AAD specialisatie\\Backend Development\\AAD - Backend Development\\Assignment-1\\Express\\src\\Controllers\\ArticleController.ts": {"path":"C:\\Users\\nilsk\\Saxion\\jaar 4\\AAD specialisatie\\Backend Development\\AAD - Backend Development\\Assignment-1\\Express\\src\\Controllers\\ArticleController.ts","statementMap":{"0":{"start":{"line":3,"column":0},"end":{"line":3,"column":50}},"1":{"start":{"line":4,"column":0},"end":{"line":4,"column":57}},"2":{"start":{"line":5,"column":0},"end":{"line":5,"column":36}},"3":{"start":{"line":7,"column":20},"end":{"line":14,"column":2}},"4":{"start":{"line":7,"column":68},"end":{"line":14,"column":2}},"5":{"start":{"line":8,"column":2},"end":{"line":13,"column":null}},"6":{"start":{"line":9,"column":20},"end":{"line":9,"column":106}},"7":{"start":{"line":10,"column":4},"end":{"line":10,"column":34}},"8":{"start":{"line":12,"column":4},"end":{"line":12,"column":16}},"9":{"start":{"line":16,"column":19},"end":{"line":26,"column":2}},"10":{"start":{"line":16,"column":72},"end":{"line":26,"column":2}},"11":{"start":{"line":17,"column":2},"end":{"line":25,"column":null}},"12":{"start":{"line":18,"column":19},"end":{"line":18,"column":60}},"13":{"start":{"line":19,"column":4},"end":{"line":21,"column":null}},"14":{"start":{"line":20,"column":6},"end":{"line":20,"column":35}},"15":{"start":{"line":22,"column":4},"end":{"line":22,"column":16}},"16":{"start":{"line":24,"column":4},"end":{"line":24,"column":16}},"17":{"start":{"line":28,"column":22},"end":{"line":37,"column":2}},"18":{"start":{"line":28,"column":71},"end":{"line":37,"column":2}},"19":{"start":{"line":29,"column":2},"end":{"line":36,"column":null}},"20":{"start":{"line":30,"column":4},"end":{"line":30,"column":37}},"21":{"start":{"line":31,"column":23},"end":{"line":31,"column":52}},"22":{"start":{"line":32,"column":20},"end":{"line":32,"column":43}},"23":{"start":{"line":33,"column":4},"end":{"line":33,"column":34}},"24":{"start":{"line":35,"column":4},"end":{"line":35,"column":16}},"25":{"start":{"line":39,"column":22},"end":{"line":54,"column":2}},"26":{"start":{"line":39,"column":97},"end":{"line":54,"column":2}},"27":{"start":{"line":40,"column":2},"end":{"line":53,"column":null}},"28":{"start":{"line":41,"column":27},"end":{"line":44,"column":null}},"29":{"start":{"line":47,"column":4},"end":{"line":49,"column":null}},"30":{"start":{"line":48,"column":6},"end":{"line":48,"column":43}},"31":{"start":{"line":50,"column":4},"end":{"line":50,"column":16}},"32":{"start":{"line":52,"column":4},"end":{"line":52,"column":16}},"33":{"start":{"line":56,"column":22},"end":{"line":63,"column":2}},"34":{"start":{"line":56,"column":68},"end":{"line":63,"column":2}},"35":{"start":{"line":57,"column":2},"end":{"line":62,"column":null}},"36":{"start":{"line":58,"column":19},"end":{"line":58,"column":62}},"37":{"start":{"line":59,"column":4},"end":{"line":59,"column":37}},"38":{"start":{"line":61,"column":4},"end":{"line":61,"column":16}},"39":{"start":{"line":65,"column":26},"end":{"line":71,"column":2}},"40":{"start":{"line":73,"column":0},"end":{"line":73,"column":33}}},"fnMap":{"0":{"name":"(anonymous_8)","decl":{"start":{"line":7,"column":20},"end":{"line":7,"column":27}},"loc":{"start":{"line":7,"column":68},"end":{"line":14,"column":2}}},"1":{"name":"(anonymous_9)","decl":{"start":{"line":7,"column":68},"end":{"line":7,"column":null}},"loc":{"start":{"line":7,"column":68},"end":{"line":14,"column":1}}},"2":{"name":"(anonymous_10)","decl":{"start":{"line":16,"column":19},"end":{"line":16,"column":26}},"loc":{"start":{"line":16,"column":72},"end":{"line":26,"column":2}}},"3":{"name":"(anonymous_11)","decl":{"start":{"line":16,"column":72},"end":{"line":16,"column":null}},"loc":{"start":{"line":16,"column":72},"end":{"line":26,"column":1}}},"4":{"name":"(anonymous_12)","decl":{"start":{"line":28,"column":22},"end":{"line":28,"column":29}},"loc":{"start":{"line":28,"column":71},"end":{"line":37,"column":2}}},"5":{"name":"(anonymous_13)","decl":{"start":{"line":28,"column":71},"end":{"line":28,"column":null}},"loc":{"start":{"line":28,"column":71},"end":{"line":37,"column":1}}},"6":{"name":"(anonymous_14)","decl":{"start":{"line":39,"column":22},"end":{"line":39,"column":29}},"loc":{"start":{"line":39,"column":97},"end":{"line":54,"column":2}}},"7":{"name":"(anonymous_15)","decl":{"start":{"line":39,"column":97},"end":{"line":39,"column":null}},"loc":{"start":{"line":39,"column":97},"end":{"line":54,"column":1}}},"8":{"name":"(anonymous_16)","decl":{"start":{"line":56,"column":22},"end":{"line":56,"column":29}},"loc":{"start":{"line":56,"column":68},"end":{"line":63,"column":2}}},"9":{"name":"(anonymous_17)","decl":{"start":{"line":56,"column":68},"end":{"line":56,"column":null}},"loc":{"start":{"line":56,"column":68},"end":{"line":63,"column":1}}}},"branchMap":{"0":{"loc":{"start":{"line":9,"column":20},"end":{"line":9,"column":106}},"type":"cond-expr","locations":[{"start":{"line":9,"column":31},"end":{"line":9,"column":78}},{"start":{"line":9,"column":81},"end":{"line":9,"column":106}}]},"1":{"loc":{"start":{"line":19,"column":4},"end":{"line":21,"column":null}},"type":"if","locations":[{"start":{"line":19,"column":4},"end":{"line":21,"column":null}}]},"2":{"loc":{"start":{"line":47,"column":4},"end":{"line":49,"column":null}},"type":"if","locations":[{"start":{"line":47,"column":4},"end":{"line":49,"column":null}}]}},"s":{"0":4,"1":4,"2":4,"3":4,"4":1,"5":1,"6":1,"7":1,"8":0,"9":4,"10":2,"11":2,"12":2,"13":2,"14":1,"15":1,"16":0,"17":4,"18":2,"19":2,"20":2,"21":2,"22":2,"23":1,"24":1,"25":4,"26":2,"27":2,"28":2,"29":2,"30":1,"31":1,"32":0,"33":4,"34":2,"35":2,"36":2,"37":2,"38":0,"39":4,"40":4},"f":{"0":1,"1":1,"2":2,"3":2,"4":2,"5":2,"6":2,"7":2,"8":2,"9":2},"b":{"0":[0,1],"1":[1],"2":[1]}}
,"C:\\Users\\nilsk\\Saxion\\jaar 4\\AAD specialisatie\\Backend Development\\AAD - Backend Development\\Assignment-1\\Express\\src\\Controllers\\AuthController.ts": {"path":"C:\\Users\\nilsk\\Saxion\\jaar 4\\AAD specialisatie\\Backend Development\\AAD - Backend Development\\Assignment-1\\Express\\src\\Controllers\\AuthController.ts","statementMap":{"0":{"start":{"line":3,"column":0},"end":{"line":3,"column":31}},"1":{"start":{"line":4,"column":0},"end":{"line":4,"column":28}},"2":{"start":{"line":5,"column":0},"end":{"line":5,"column":44}},"3":{"start":{"line":7,"column":32},"end":{"line":33,"column":2}},"4":{"start":{"line":7,"column":101},"end":{"line":33,"column":2}},"5":{"start":{"line":8,"column":2},"end":{"line":32,"column":null}},"6":{"start":{"line":9,"column":4},"end":{"line":29,"column":null}},"7":{"start":{"line":10,"column":32},"end":{"line":10,"column":79}},"8":{"start":{"line":12,"column":6},"end":{"line":26,"column":null}},"9":{"start":{"line":13,"column":23},"end":{"line":13,"column":66}},"10":{"start":{"line":15,"column":8},"end":{"line":23,"column":null}},"11":{"start":{"line":16,"column":10},"end":{"line":20,"column":26}},"12":{"start":{"line":22,"column":10},"end":{"line":22,"column":22}},"13":{"start":{"line":25,"column":8},"end":{"line":25,"column":20}},"14":{"start":{"line":28,"column":6},"end":{"line":28,"column":18}},"15":{"start":{"line":31,"column":4},"end":{"line":31,"column":16}},"16":{"start":{"line":7,"column":13},"end":{"line":7,"column":32}},"17":{"start":{"line":35,"column":23},"end":{"line":37,"column":2}},"18":{"start":{"line":39,"column":0},"end":{"line":39,"column":30}}},"fnMap":{"0":{"name":"(anonymous_8)","decl":{"start":{"line":7,"column":32},"end":{"line":7,"column":39}},"loc":{"start":{"line":7,"column":101},"end":{"line":33,"column":2}}},"1":{"name":"(anonymous_9)","decl":{"start":{"line":7,"column":101},"end":{"line":7,"column":null}},"loc":{"start":{"line":7,"column":101},"end":{"line":33,"column":1}}}},"branchMap":{"0":{"loc":{"start":{"line":9,"column":4},"end":{"line":29,"column":null}},"type":"if","locations":[{"start":{"line":9,"column":4},"end":{"line":29,"column":null}},{"start":{"line":27,"column":11},"end":{"line":29,"column":null}}]},"1":{"loc":{"start":{"line":9,"column":8},"end":{"line":9,"column":28}},"type":"binary-expr","locations":[{"start":{"line":9,"column":8},"end":{"line":9,"column":16}},{"start":{"line":9,"column":20},"end":{"line":9,"column":28}}]},"2":{"loc":{"start":{"line":12,"column":6},"end":{"line":26,"column":null}},"type":"if","locations":[{"start":{"line":12,"column":6},"end":{"line":26,"column":null}},{"start":{"line":24,"column":13},"end":{"line":26,"column":null}}]},"3":{"loc":{"start":{"line":15,"column":8},"end":{"line":23,"column":null}},"type":"if","locations":[{"start":{"line":15,"column":8},"end":{"line":23,"column":null}},{"start":{"line":21,"column":15},"end":{"line":23,"column":null}}]}},"s":{"0":4,"1":4,"2":4,"3":4,"4":15,"5":15,"6":15,"7":15,"8":15,"9":15,"10":15,"11":15,"12":0,"13":0,"14":0,"15":0,"16":4,"17":4,"18":4},"f":{"0":15,"1":15},"b":{"0":[15,0],"1":[15,15],"2":[15,0],"3":[15,0]}}
,"C:\\Users\\nilsk\\Saxion\\jaar 4\\AAD specialisatie\\Backend Development\\AAD - Backend Development\\Assignment-1\\Express\\src\\Controllers\\CommentController.ts": {"path":"C:\\Users\\nilsk\\Saxion\\jaar 4\\AAD specialisatie\\Backend Development\\AAD - Backend Development\\Assignment-1\\Express\\src\\Controllers\\CommentController.ts","statementMap":{"0":{"start":{"line":4,"column":0},"end":{"line":4,"column":57}},"1":{"start":{"line":5,"column":0},"end":{"line":5,"column":31}},"2":{"start":{"line":6,"column":0},"end":{"line":6,"column":36}},"3":{"start":{"line":7,"column":0},"end":{"line":7,"column":50}},"4":{"start":{"line":9,"column":20},"end":{"line":16,"column":2}},"5":{"start":{"line":9,"column":51},"end":{"line":16,"column":2}},"6":{"start":{"line":10,"column":2},"end":{"line":15,"column":null}},"7":{"start":{"line":11,"column":20},"end":{"line":11,"column":45}},"8":{"start":{"line":12,"column":4},"end":{"line":12,"column":34}},"9":{"start":{"line":14,"column":4},"end":{"line":14,"column":16}},"10":{"start":{"line":18,"column":19},"end":{"line":28,"column":2}},"11":{"start":{"line":18,"column":72},"end":{"line":28,"column":2}},"12":{"start":{"line":19,"column":2},"end":{"line":27,"column":null}},"13":{"start":{"line":20,"column":19},"end":{"line":20,"column":60}},"14":{"start":{"line":21,"column":4},"end":{"line":23,"column":null}},"15":{"start":{"line":22,"column":6},"end":{"line":22,"column":35}},"16":{"start":{"line":24,"column":4},"end":{"line":24,"column":16}},"17":{"start":{"line":26,"column":4},"end":{"line":26,"column":16}},"18":{"start":{"line":30,"column":22},"end":{"line":48,"column":2}},"19":{"start":{"line":30,"column":95},"end":{"line":48,"column":2}},"20":{"start":{"line":31,"column":2},"end":{"line":47,"column":null}},"21":{"start":{"line":32,"column":18},"end":{"line":32,"column":39}},"22":{"start":{"line":33,"column":17},"end":{"line":33,"column":49}},"23":{"start":{"line":35,"column":4},"end":{"line":43,"column":null}},"24":{"start":{"line":36,"column":6},"end":{"line":36,"column":39}},"25":{"start":{"line":39,"column":6},"end":{"line":39,"column":37}},"26":{"start":{"line":40,"column":25},"end":{"line":40,"column":54}},"27":{"start":{"line":41,"column":22},"end":{"line":41,"column":45}},"28":{"start":{"line":42,"column":6},"end":{"line":42,"column":36}},"29":{"start":{"line":44,"column":4},"end":{"line":44,"column":16}},"30":{"start":{"line":46,"column":4},"end":{"line":46,"column":16}},"31":{"start":{"line":50,"column":22},"end":{"line":70,"column":2}},"32":{"start":{"line":50,"column":114},"end":{"line":70,"column":2}},"33":{"start":{"line":51,"column":2},"end":{"line":69,"column":null}},"34":{"start":{"line":52,"column":18},"end":{"line":52,"column":39}},"35":{"start":{"line":53,"column":17},"end":{"line":53,"column":49}},"36":{"start":{"line":55,"column":4},"end":{"line":65,"column":null}},"37":{"start":{"line":56,"column":29},"end":{"line":59,"column":null}},"38":{"start":{"line":62,"column":6},"end":{"line":64,"column":null}},"39":{"start":{"line":63,"column":8},"end":{"line":63,"column":45}},"40":{"start":{"line":66,"column":4},"end":{"line":66,"column":16}},"41":{"start":{"line":68,"column":4},"end":{"line":68,"column":16}},"42":{"start":{"line":72,"column":22},"end":{"line":79,"column":2}},"43":{"start":{"line":72,"column":68},"end":{"line":79,"column":2}},"44":{"start":{"line":73,"column":2},"end":{"line":78,"column":null}},"45":{"start":{"line":74,"column":19},"end":{"line":74,"column":62}},"46":{"start":{"line":75,"column":4},"end":{"line":75,"column":37}},"47":{"start":{"line":77,"column":4},"end":{"line":77,"column":16}},"48":{"start":{"line":81,"column":26},"end":{"line":87,"column":2}},"49":{"start":{"line":89,"column":0},"end":{"line":89,"column":33}}},"fnMap":{"0":{"name":"(anonymous_8)","decl":{"start":{"line":9,"column":20},"end":{"line":9,"column":49}},"loc":{"start":{"line":9,"column":51},"end":{"line":16,"column":2}}},"1":{"name":"(anonymous_9)","decl":{"start":{"line":9,"column":51},"end":{"line":9,"column":null}},"loc":{"start":{"line":9,"column":51},"end":{"line":16,"column":1}}},"2":{"name":"(anonymous_10)","decl":{"start":{"line":18,"column":19},"end":{"line":18,"column":26}},"loc":{"start":{"line":18,"column":72},"end":{"line":28,"column":2}}},"3":{"name":"(anonymous_11)","decl":{"start":{"line":18,"column":72},"end":{"line":18,"column":null}},"loc":{"start":{"line":18,"column":72},"end":{"line":28,"column":1}}},"4":{"name":"(anonymous_12)","decl":{"start":{"line":30,"column":22},"end":{"line":30,"column":29}},"loc":{"start":{"line":30,"column":95},"end":{"line":48,"column":2}}},"5":{"name":"(anonymous_13)","decl":{"start":{"line":30,"column":95},"end":{"line":30,"column":null}},"loc":{"start":{"line":30,"column":95},"end":{"line":48,"column":1}}},"6":{"name":"(anonymous_14)","decl":{"start":{"line":50,"column":22},"end":{"line":50,"column":29}},"loc":{"start":{"line":50,"column":114},"end":{"line":70,"column":2}}},"7":{"name":"(anonymous_15)","decl":{"start":{"line":50,"column":114},"end":{"line":50,"column":null}},"loc":{"start":{"line":50,"column":114},"end":{"line":70,"column":1}}},"8":{"name":"(anonymous_16)","decl":{"start":{"line":72,"column":22},"end":{"line":72,"column":29}},"loc":{"start":{"line":72,"column":68},"end":{"line":79,"column":2}}},"9":{"name":"(anonymous_17)","decl":{"start":{"line":72,"column":68},"end":{"line":72,"column":null}},"loc":{"start":{"line":72,"column":68},"end":{"line":79,"column":1}}}},"branchMap":{"0":{"loc":{"start":{"line":21,"column":4},"end":{"line":23,"column":null}},"type":"if","locations":[{"start":{"line":21,"column":4},"end":{"line":23,"column":null}}]},"1":{"loc":{"start":{"line":35,"column":4},"end":{"line":43,"column":null}},"type":"if","locations":[{"start":{"line":35,"column":4},"end":{"line":43,"column":null}}]},"2":{"loc":{"start":{"line":55,"column":4},"end":{"line":65,"column":null}},"type":"if","locations":[{"start":{"line":55,"column":4},"end":{"line":65,"column":null}}]},"3":{"loc":{"start":{"line":62,"column":6},"end":{"line":64,"column":null}},"type":"if","locations":[{"start":{"line":62,"column":6},"end":{"line":64,"column":null}}]}},"s":{"0":4,"1":4,"2":4,"3":4,"4":4,"5":1,"6":1,"7":1,"8":1,"9":0,"10":4,"11":2,"12":2,"13":2,"14":2,"15":1,"16":1,"17":0,"18":4,"19":0,"20":0,"21":0,"22":0,"23":0,"24":0,"25":0,"26":0,"27":0,"28":0,"29":0,"30":0,"31":4,"32":0,"33":0,"34":0,"35":0,"36":0,"37":0,"38":0,"39":0,"40":0,"41":0,"42":4,"43":0,"44":0,"45":0,"46":0,"47":0,"48":4,"49":4},"f":{"0":1,"1":1,"2":2,"3":2,"4":0,"5":0,"6":0,"7":0,"8":0,"9":0},"b":{"0":[1],"1":[0],"2":[0],"3":[0]}}
,"C:\\Users\\nilsk\\Saxion\\jaar 4\\AAD specialisatie\\Backend Development\\AAD - Backend Development\\Assignment-1\\Express\\src\\Controllers\\PostController.ts": {"path":"C:\\Users\\nilsk\\Saxion\\jaar 4\\AAD specialisatie\\Backend Development\\AAD - Backend Development\\Assignment-1\\Express\\src\\Controllers\\PostController.ts","statementMap":{"0":{"start":{"line":4,"column":0},"end":{"line":4,"column":57}},"1":{"start":{"line":5,"column":0},"end":{"line":5,"column":31}},"2":{"start":{"line":6,"column":0},"end":{"line":6,"column":36}},"3":{"start":{"line":7,"column":0},"end":{"line":7,"column":44}},"4":{"start":{"line":9,"column":17},"end":{"line":16,"column":2}},"5":{"start":{"line":9,"column":45},"end":{"line":16,"column":2}},"6":{"start":{"line":10,"column":2},"end":{"line":15,"column":null}},"7":{"start":{"line":11,"column":20},"end":{"line":11,"column":42}},"8":{"start":{"line":12,"column":4},"end":{"line":12,"column":34}},"9":{"start":{"line":14,"column":4},"end":{"line":14,"column":16}},"10":{"start":{"line":18,"column":16},"end":{"line":28,"column":2}},"11":{"start":{"line":18,"column":63},"end":{"line":28,"column":2}},"12":{"start":{"line":19,"column":2},"end":{"line":27,"column":null}},"13":{"start":{"line":20,"column":19},"end":{"line":20,"column":54}},"14":{"start":{"line":21,"column":4},"end":{"line":23,"column":null}},"15":{"start":{"line":22,"column":6},"end":{"line":22,"column":35}},"16":{"start":{"line":24,"column":4},"end":{"line":24,"column":16}},"17":{"start":{"line":26,"column":4},"end":{"line":26,"column":16}},"18":{"start":{"line":30,"column":19},"end":{"line":48,"column":2}},"19":{"start":{"line":30,"column":83},"end":{"line":48,"column":2}},"20":{"start":{"line":31,"column":2},"end":{"line":47,"column":null}},"21":{"start":{"line":32,"column":18},"end":{"line":32,"column":39}},"22":{"start":{"line":33,"column":17},"end":{"line":33,"column":49}},"23":{"start":{"line":35,"column":4},"end":{"line":43,"column":null}},"24":{"start":{"line":36,"column":6},"end":{"line":36,"column":33}},"25":{"start":{"line":39,"column":6},"end":{"line":39,"column":34}},"26":{"start":{"line":40,"column":22},"end":{"line":40,"column":45}},"27":{"start":{"line":41,"column":19},"end":{"line":41,"column":39}},"28":{"start":{"line":42,"column":6},"end":{"line":42,"column":33}},"29":{"start":{"line":44,"column":4},"end":{"line":44,"column":16}},"30":{"start":{"line":46,"column":4},"end":{"line":46,"column":16}},"31":{"start":{"line":50,"column":19},"end":{"line":70,"column":2}},"32":{"start":{"line":50,"column":99},"end":{"line":70,"column":2}},"33":{"start":{"line":51,"column":2},"end":{"line":69,"column":null}},"34":{"start":{"line":52,"column":18},"end":{"line":52,"column":39}},"35":{"start":{"line":53,"column":17},"end":{"line":53,"column":49}},"36":{"start":{"line":55,"column":4},"end":{"line":65,"column":null}},"37":{"start":{"line":56,"column":26},"end":{"line":59,"column":null}},"38":{"start":{"line":62,"column":6},"end":{"line":64,"column":null}},"39":{"start":{"line":63,"column":8},"end":{"line":63,"column":42}},"40":{"start":{"line":66,"column":4},"end":{"line":66,"column":16}},"41":{"start":{"line":68,"column":4},"end":{"line":68,"column":16}},"42":{"start":{"line":72,"column":19},"end":{"line":79,"column":2}},"43":{"start":{"line":72,"column":62},"end":{"line":79,"column":2}},"44":{"start":{"line":73,"column":2},"end":{"line":78,"column":null}},"45":{"start":{"line":74,"column":19},"end":{"line":74,"column":56}},"46":{"start":{"line":75,"column":4},"end":{"line":75,"column":37}},"47":{"start":{"line":77,"column":4},"end":{"line":77,"column":16}},"48":{"start":{"line":81,"column":23},"end":{"line":87,"column":2}},"49":{"start":{"line":89,"column":0},"end":{"line":89,"column":30}}},"fnMap":{"0":{"name":"(anonymous_8)","decl":{"start":{"line":9,"column":17},"end":{"line":9,"column":43}},"loc":{"start":{"line":9,"column":45},"end":{"line":16,"column":2}}},"1":{"name":"(anonymous_9)","decl":{"start":{"line":9,"column":45},"end":{"line":9,"column":null}},"loc":{"start":{"line":9,"column":45},"end":{"line":16,"column":1}}},"2":{"name":"(anonymous_10)","decl":{"start":{"line":18,"column":16},"end":{"line":18,"column":23}},"loc":{"start":{"line":18,"column":63},"end":{"line":28,"column":2}}},"3":{"name":"(anonymous_11)","decl":{"start":{"line":18,"column":63},"end":{"line":18,"column":null}},"loc":{"start":{"line":18,"column":63},"end":{"line":28,"column":1}}},"4":{"name":"(anonymous_12)","decl":{"start":{"line":30,"column":19},"end":{"line":30,"column":26}},"loc":{"start":{"line":30,"column":83},"end":{"line":48,"column":2}}},"5":{"name":"(anonymous_13)","decl":{"start":{"line":30,"column":83},"end":{"line":30,"column":null}},"loc":{"start":{"line":30,"column":83},"end":{"line":48,"column":1}}},"6":{"name":"(anonymous_14)","decl":{"start":{"line":50,"column":19},"end":{"line":50,"column":26}},"loc":{"start":{"line":50,"column":99},"end":{"line":70,"column":2}}},"7":{"name":"(anonymous_15)","decl":{"start":{"line":50,"column":99},"end":{"line":50,"column":null}},"loc":{"start":{"line":50,"column":99},"end":{"line":70,"column":1}}},"8":{"name":"(anonymous_16)","decl":{"start":{"line":72,"column":19},"end":{"line":72,"column":26}},"loc":{"start":{"line":72,"column":62},"end":{"line":79,"column":2}}},"9":{"name":"(anonymous_17)","decl":{"start":{"line":72,"column":62},"end":{"line":72,"column":null}},"loc":{"start":{"line":72,"column":62},"end":{"line":79,"column":1}}}},"branchMap":{"0":{"loc":{"start":{"line":21,"column":4},"end":{"line":23,"column":null}},"type":"if","locations":[{"start":{"line":21,"column":4},"end":{"line":23,"column":null}}]},"1":{"loc":{"start":{"line":35,"column":4},"end":{"line":43,"column":null}},"type":"if","locations":[{"start":{"line":35,"column":4},"end":{"line":43,"column":null}}]},"2":{"loc":{"start":{"line":55,"column":4},"end":{"line":65,"column":null}},"type":"if","locations":[{"start":{"line":55,"column":4},"end":{"line":65,"column":null}}]},"3":{"loc":{"start":{"line":62,"column":6},"end":{"line":64,"column":null}},"type":"if","locations":[{"start":{"line":62,"column":6},"end":{"line":64,"column":null}}]}},"s":{"0":4,"1":4,"2":4,"3":4,"4":4,"5":1,"6":1,"7":1,"8":1,"9":0,"10":4,"11":2,"12":2,"13":2,"14":2,"15":1,"16":1,"17":0,"18":4,"19":0,"20":0,"21":0,"22":0,"23":0,"24":0,"25":0,"26":0,"27":0,"28":0,"29":0,"30":0,"31":4,"32":0,"33":0,"34":0,"35":0,"36":0,"37":0,"38":0,"39":0,"40":0,"41":0,"42":4,"43":0,"44":0,"45":0,"46":0,"47":0,"48":4,"49":4},"f":{"0":1,"1":1,"2":2,"3":2,"4":0,"5":0,"6":0,"7":0,"8":0,"9":0},"b":{"0":[1],"1":[0],"2":[0],"3":[0]}}
,"C:\\Users\\nilsk\\Saxion\\jaar 4\\AAD specialisatie\\Backend Development\\AAD - Backend Development\\Assignment-1\\Express\\src\\Controllers\\UserController.ts": {"path":"C:\\Users\\nilsk\\Saxion\\jaar 4\\AAD specialisatie\\Backend Development\\AAD - Backend Development\\Assignment-1\\Express\\src\\Controllers\\UserController.ts","statementMap":{"0":{"start":{"line":3,"column":0},"end":{"line":3,"column":36}},"1":{"start":{"line":4,"column":0},"end":{"line":4,"column":57}},"2":{"start":{"line":5,"column":0},"end":{"line":5,"column":44}},"3":{"start":{"line":7,"column":17},"end":{"line":14,"column":2}},"4":{"start":{"line":7,"column":45},"end":{"line":14,"column":2}},"5":{"start":{"line":8,"column":2},"end":{"line":13,"column":null}},"6":{"start":{"line":9,"column":20},"end":{"line":9,"column":42}},"7":{"start":{"line":10,"column":4},"end":{"line":10,"column":34}},"8":{"start":{"line":12,"column":4},"end":{"line":12,"column":16}},"9":{"start":{"line":16,"column":16},"end":{"line":26,"column":2}},"10":{"start":{"line":16,"column":63},"end":{"line":26,"column":2}},"11":{"start":{"line":17,"column":2},"end":{"line":25,"column":null}},"12":{"start":{"line":18,"column":19},"end":{"line":18,"column":54}},"13":{"start":{"line":19,"column":4},"end":{"line":21,"column":null}},"14":{"start":{"line":20,"column":6},"end":{"line":20,"column":35}},"15":{"start":{"line":22,"column":4},"end":{"line":22,"column":16}},"16":{"start":{"line":24,"column":4},"end":{"line":24,"column":16}},"17":{"start":{"line":28,"column":19},"end":{"line":38,"column":2}},"18":{"start":{"line":28,"column":59},"end":{"line":38,"column":2}},"19":{"start":{"line":29,"column":2},"end":{"line":37,"column":null}},"20":{"start":{"line":30,"column":4},"end":{"line":30,"column":31}},"21":{"start":{"line":31,"column":4},"end":{"line":31,"column":31}},"22":{"start":{"line":32,"column":20},"end":{"line":32,"column":43}},"23":{"start":{"line":33,"column":17},"end":{"line":33,"column":37}},"24":{"start":{"line":34,"column":4},"end":{"line":34,"column":31}},"25":{"start":{"line":36,"column":4},"end":{"line":36,"column":16}},"26":{"start":{"line":40,"column":19},"end":{"line":55,"column":2}},"27":{"start":{"line":40,"column":82},"end":{"line":55,"column":2}},"28":{"start":{"line":41,"column":2},"end":{"line":54,"column":null}},"29":{"start":{"line":42,"column":24},"end":{"line":45,"column":null}},"30":{"start":{"line":48,"column":4},"end":{"line":50,"column":null}},"31":{"start":{"line":49,"column":6},"end":{"line":49,"column":40}},"32":{"start":{"line":51,"column":4},"end":{"line":51,"column":16}},"33":{"start":{"line":53,"column":4},"end":{"line":53,"column":16}},"34":{"start":{"line":57,"column":19},"end":{"line":64,"column":2}},"35":{"start":{"line":57,"column":62},"end":{"line":64,"column":2}},"36":{"start":{"line":58,"column":2},"end":{"line":63,"column":null}},"37":{"start":{"line":59,"column":19},"end":{"line":59,"column":64}},"38":{"start":{"line":60,"column":4},"end":{"line":60,"column":37}},"39":{"start":{"line":62,"column":4},"end":{"line":62,"column":16}},"40":{"start":{"line":66,"column":23},"end":{"line":72,"column":2}},"41":{"start":{"line":74,"column":0},"end":{"line":74,"column":30}}},"fnMap":{"0":{"name":"(anonymous_8)","decl":{"start":{"line":7,"column":17},"end":{"line":7,"column":43}},"loc":{"start":{"line":7,"column":45},"end":{"line":14,"column":2}}},"1":{"name":"(anonymous_9)","decl":{"start":{"line":7,"column":45},"end":{"line":7,"column":null}},"loc":{"start":{"line":7,"column":45},"end":{"line":14,"column":1}}},"2":{"name":"(anonymous_10)","decl":{"start":{"line":16,"column":16},"end":{"line":16,"column":23}},"loc":{"start":{"line":16,"column":63},"end":{"line":26,"column":2}}},"3":{"name":"(anonymous_11)","decl":{"start":{"line":16,"column":63},"end":{"line":16,"column":null}},"loc":{"start":{"line":16,"column":63},"end":{"line":26,"column":1}}},"4":{"name":"(anonymous_12)","decl":{"start":{"line":28,"column":19},"end":{"line":28,"column":26}},"loc":{"start":{"line":28,"column":59},"end":{"line":38,"column":2}}},"5":{"name":"(anonymous_13)","decl":{"start":{"line":28,"column":59},"end":{"line":28,"column":null}},"loc":{"start":{"line":28,"column":59},"end":{"line":38,"column":1}}},"6":{"name":"(anonymous_14)","decl":{"start":{"line":40,"column":19},"end":{"line":40,"column":26}},"loc":{"start":{"line":40,"column":82},"end":{"line":55,"column":2}}},"7":{"name":"(anonymous_15)","decl":{"start":{"line":40,"column":82},"end":{"line":40,"column":null}},"loc":{"start":{"line":40,"column":82},"end":{"line":55,"column":1}}},"8":{"name":"(anonymous_16)","decl":{"start":{"line":57,"column":19},"end":{"line":57,"column":26}},"loc":{"start":{"line":57,"column":62},"end":{"line":64,"column":2}}},"9":{"name":"(anonymous_17)","decl":{"start":{"line":57,"column":62},"end":{"line":57,"column":null}},"loc":{"start":{"line":57,"column":62},"end":{"line":64,"column":1}}}},"branchMap":{"0":{"loc":{"start":{"line":19,"column":4},"end":{"line":21,"column":null}},"type":"if","locations":[{"start":{"line":19,"column":4},"end":{"line":21,"column":null}}]},"1":{"loc":{"start":{"line":48,"column":4},"end":{"line":50,"column":null}},"type":"if","locations":[{"start":{"line":48,"column":4},"end":{"line":50,"column":null}}]}},"s":{"0":4,"1":4,"2":4,"3":4,"4":1,"5":1,"6":1,"7":1,"8":0,"9":4,"10":15,"11":15,"12":15,"13":15,"14":15,"15":0,"16":0,"17":4,"18":2,"19":2,"20":2,"21":2,"22":2,"23":2,"24":1,"25":1,"26":4,"27":1,"28":1,"29":1,"30":1,"31":1,"32":0,"33":0,"34":4,"35":1,"36":1,"37":1,"38":1,"39":0,"40":4,"41":4},"f":{"0":1,"1":1,"2":15,"3":15,"4":2,"5":2,"6":1,"7":1,"8":1,"9":1},"b":{"0":[15],"1":[1]}}
,"C:\\Users\\nilsk\\Saxion\\jaar 4\\AAD specialisatie\\Backend Development\\AAD - Backend Development\\Assignment-1\\Express\\src\\Database\\Connection.ts": {"path":"C:\\Users\\nilsk\\Saxion\\jaar 4\\AAD specialisatie\\Backend Development\\AAD - Backend Development\\Assignment-1\\Express\\src\\Database\\Connection.ts","statementMap":{"0":{"start":{"line":3,"column":0},"end":{"line":3,"column":32}},"1":{"start":{"line":4,"column":0},"end":{"line":4,"column":31}},"2":{"start":{"line":6,"column":16},"end":{"line":6,"column":30}},"3":{"start":{"line":7,"column":16},"end":{"line":7,"column":30}},"4":{"start":{"line":8,"column":16},"end":{"line":8,"column":30}},"5":{"start":{"line":12,"column":4},"end":{"line":12,"column":19}},"6":{"start":{"line":16,"column":21},"end":{"line":16,"column":65}},"7":{"start":{"line":20,"column":4},"end":{"line":27,"column":11}},"8":{"start":{"line":22,"column":10},"end":{"line":22,"column":86}},"9":{"start":{"line":25,"column":10},"end":{"line":25,"column":53}},"10":{"start":{"line":26,"column":10},"end":{"line":26,"column":29}},"11":{"start":{"line":31,"column":0},"end":{"line":31,"column":30}}},"fnMap":{"0":{"name":"(anonymous_1)","decl":{"start":{"line":11,"column":2},"end":{"line":11,"column":null}},"loc":{"start":{"line":11,"column":2},"end":{"line":13,"column":3}}},"1":{"name":"(anonymous_2)","decl":{"start":{"line":15,"column":10},"end":{"line":15,"column":17}},"loc":{"start":{"line":15,"column":17},"end":{"line":28,"column":3}}},"2":{"name":"(anonymous_3)","decl":{"start":{"line":21,"column":14},"end":{"line":21,"column":17}},"loc":{"start":{"line":21,"column":19},"end":{"line":23,"column":9}}},"3":{"name":"(anonymous_4)","decl":{"start":{"line":24,"column":15},"end":{"line":24,"column":16}},"loc":{"start":{"line":24,"column":23},"end":{"line":27,"column":9}}}},"branchMap":{},"s":{"0":0,"1":0,"2":0,"3":0,"4":0,"5":0,"6":0,"7":0,"8":0,"9":0,"10":0,"11":0},"f":{"0":0,"1":0,"2":0,"3":0},"b":{}}
,"C:\\Users\\nilsk\\Saxion\\jaar 4\\AAD specialisatie\\Backend Development\\AAD - Backend Development\\Assignment-1\\Express\\src\\Middleware\\is-admin.ts": {"path":"C:\\Users\\nilsk\\Saxion\\jaar 4\\AAD specialisatie\\Backend Development\\AAD - Backend Development\\Assignment-1\\Express\\src\\Middleware\\is-admin.ts","statementMap":{"0":{"start":{"line":4,"column":0},"end":{"line":4,"column":48}},"1":{"start":{"line":6,"column":16},"end":{"line":16,"column":1}},"2":{"start":{"line":7,"column":21},"end":{"line":7,"column":37}},"3":{"start":{"line":9,"column":2},"end":{"line":15,"column":null}},"4":{"start":{"line":10,"column":4},"end":{"line":10,"column":18}},"5":{"start":{"line":12,"column":4},"end":{"line":14,"column":64}},"6":{"start":{"line":18,"column":0},"end":{"line":18,"column":23}}},"fnMap":{"0":{"name":"(anonymous_0)","decl":{"start":{"line":6,"column":16},"end":{"line":6,"column":17}},"loc":{"start":{"line":6,"column":68},"end":{"line":16,"column":1}}}},"branchMap":{"0":{"loc":{"start":{"line":9,"column":2},"end":{"line":15,"column":null}},"type":"if","locations":[{"start":{"line":9,"column":2},"end":{"line":15,"column":null}},{"start":{"line":11,"column":9},"end":{"line":15,"column":null}}]},"1":{"loc":{"start":{"line":9,"column":6},"end":{"line":9,"column":42}},"type":"binary-expr","locations":[{"start":{"line":9,"column":6},"end":{"line":9,"column":10}},{"start":{"line":9,"column":14},"end":{"line":9,"column":42}}]}},"s":{"0":4,"1":4,"2":14,"3":14,"4":10,"5":4,"6":4},"f":{"0":14},"b":{"0":[10,4],"1":[14,14]}}
,"C:\\Users\\nilsk\\Saxion\\jaar 4\\AAD specialisatie\\Backend Development\\AAD - Backend Development\\Assignment-1\\Express\\src\\Middleware\\is-logged-in.ts": {"path":"C:\\Users\\nilsk\\Saxion\\jaar 4\\AAD specialisatie\\Backend Development\\AAD - Backend Development\\Assignment-1\\Express\\src\\Middleware\\is-logged-in.ts","statementMap":{"0":{"start":{"line":4,"column":0},"end":{"line":4,"column":48}},"1":{"start":{"line":5,"column":0},"end":{"line":5,"column":31}},"2":{"start":{"line":6,"column":0},"end":{"line":6,"column":59}},"3":{"start":{"line":17,"column":19},"end":{"line":30,"column":2}},"4":{"start":{"line":17,"column":77},"end":{"line":30,"column":2}},"5":{"start":{"line":18,"column":16},"end":{"line":18,"column":40}},"6":{"start":{"line":20,"column":2},"end":{"line":27,"column":null}},"7":{"start":{"line":21,"column":20},"end":{"line":21,"column":44}},"8":{"start":{"line":23,"column":4},"end":{"line":26,"column":null}},"9":{"start":{"line":24,"column":6},"end":{"line":24,"column":33}},"10":{"start":{"line":25,"column":6},"end":{"line":25,"column":20}},"11":{"start":{"line":29,"column":2},"end":{"line":29,"column":71}},"12":{"start":{"line":32,"column":28},"end":{"line":40,"column":1}},"13":{"start":{"line":33,"column":21},"end":{"line":33,"column":49}},"14":{"start":{"line":35,"column":2},"end":{"line":37,"column":null}},"15":{"start":{"line":36,"column":4},"end":{"line":36,"column":36}},"16":{"start":{"line":39,"column":2},"end":{"line":39,"column":15}},"17":{"start":{"line":42,"column":20},"end":{"line":62,"column":2}},"18":{"start":{"line":42,"column":44},"end":{"line":62,"column":2}},"19":{"start":{"line":43,"column":23},"end":{"line":43,"column":69}},"20":{"start":{"line":45,"column":2},"end":{"line":60,"column":null}},"21":{"start":{"line":46,"column":4},"end":{"line":59,"column":null}},"22":{"start":{"line":47,"column":32},"end":{"line":47,"column":81}},"23":{"start":{"line":48,"column":6},"end":{"line":55,"column":null}},"24":{"start":{"line":49,"column":8},"end":{"line":54,"column":null}},"25":{"start":{"line":50,"column":10},"end":{"line":50,"column":48}},"26":{"start":{"line":52,"column":10},"end":{"line":52,"column":29}},"27":{"start":{"line":53,"column":10},"end":{"line":53,"column":22}},"28":{"start":{"line":57,"column":6},"end":{"line":57,"column":25}},"29":{"start":{"line":58,"column":6},"end":{"line":58,"column":18}},"30":{"start":{"line":61,"column":2},"end":{"line":61,"column":14}},"31":{"start":{"line":64,"column":0},"end":{"line":64,"column":26}}},"fnMap":{"0":{"name":"(anonymous_8)","decl":{"start":{"line":17,"column":19},"end":{"line":17,"column":26}},"loc":{"start":{"line":17,"column":77},"end":{"line":30,"column":2}}},"1":{"name":"(anonymous_9)","decl":{"start":{"line":17,"column":77},"end":{"line":17,"column":null}},"loc":{"start":{"line":17,"column":77},"end":{"line":30,"column":1}}},"2":{"name":"(anonymous_10)","decl":{"start":{"line":32,"column":28},"end":{"line":32,"column":29}},"loc":{"start":{"line":32,"column":45},"end":{"line":40,"column":1}}},"3":{"name":"(anonymous_11)","decl":{"start":{"line":42,"column":20},"end":{"line":42,"column":27}},"loc":{"start":{"line":42,"column":44},"end":{"line":62,"column":2}}},"4":{"name":"(anonymous_12)","decl":{"start":{"line":42,"column":44},"end":{"line":42,"column":null}},"loc":{"start":{"line":42,"column":44},"end":{"line":62,"column":1}}}},"branchMap":{"0":{"loc":{"start":{"line":20,"column":2},"end":{"line":27,"column":null}},"type":"if","locations":[{"start":{"line":20,"column":2},"end":{"line":27,"column":null}}]},"1":{"loc":{"start":{"line":23,"column":4},"end":{"line":26,"column":null}},"type":"if","locations":[{"start":{"line":23,"column":4},"end":{"line":26,"column":null}}]},"2":{"loc":{"start":{"line":35,"column":2},"end":{"line":37,"column":null}},"type":"if","locations":[{"start":{"line":35,"column":2},"end":{"line":37,"column":null}}]},"3":{"loc":{"start":{"line":45,"column":2},"end":{"line":60,"column":null}},"type":"if","locations":[{"start":{"line":45,"column":2},"end":{"line":60,"column":null}}]},"4":{"loc":{"start":{"line":48,"column":6},"end":{"line":55,"column":null}},"type":"if","locations":[{"start":{"line":48,"column":6},"end":{"line":55,"column":null}}]}},"s":{"0":4,"1":4,"2":4,"3":4,"4":15,"5":15,"6":15,"7":14,"8":14,"9":14,"10":14,"11":1,"12":4,"13":15,"14":15,"15":14,"16":1,"17":4,"18":14,"19":14,"20":14,"21":14,"22":14,"23":14,"24":14,"25":14,"26":0,"27":0,"28":0,"29":0,"30":0,"31":4},"f":{"0":15,"1":15,"2":15,"3":14,"4":14},"b":{"0":[14],"1":[14],"2":[14],"3":[14],"4":[14]}}
,"C:\\Users\\nilsk\\Saxion\\jaar 4\\AAD specialisatie\\Backend Development\\AAD - Backend Development\\Assignment-1\\Express\\src\\Models\\ArticleModel.ts": {"path":"C:\\Users\\nilsk\\Saxion\\jaar 4\\AAD specialisatie\\Backend Development\\AAD - Backend Development\\Assignment-1\\Express\\src\\Models\\ArticleModel.ts","statementMap":{"0":{"start":{"line":3,"column":0},"end":{"line":3,"column":44}},"1":{"start":{"line":5,"column":39},"end":{"line":30,"column":2}},"2":{"start":{"line":32,"column":21},"end":{"line":32,"column":70}},"3":{"start":{"line":34,"column":0},"end":{"line":34,"column":28}}},"fnMap":{},"branchMap":{},"s":{"0":4,"1":4,"2":4,"3":4},"f":{},"b":{}}
,"C:\\Users\\nilsk\\Saxion\\jaar 4\\AAD specialisatie\\Backend Development\\AAD - Backend Development\\Assignment-1\\Express\\src\\Models\\CommentModel.ts": {"path":"C:\\Users\\nilsk\\Saxion\\jaar 4\\AAD specialisatie\\Backend Development\\AAD - Backend Development\\Assignment-1\\Express\\src\\Models\\CommentModel.ts","statementMap":{"0":{"start":{"line":3,"column":0},"end":{"line":3,"column":44}},"1":{"start":{"line":5,"column":39},"end":{"line":28,"column":2}},"2":{"start":{"line":30,"column":21},"end":{"line":30,"column":70}},"3":{"start":{"line":32,"column":0},"end":{"line":32,"column":28}}},"fnMap":{},"branchMap":{},"s":{"0":4,"1":4,"2":4,"3":4},"f":{},"b":{}}
,"C:\\Users\\nilsk\\Saxion\\jaar 4\\AAD specialisatie\\Backend Development\\AAD - Backend Development\\Assignment-1\\Express\\src\\Models\\PostModel.ts": {"path":"C:\\Users\\nilsk\\Saxion\\jaar 4\\AAD specialisatie\\Backend Development\\AAD - Backend Development\\Assignment-1\\Express\\src\\Models\\PostModel.ts","statementMap":{"0":{"start":{"line":3,"column":0},"end":{"line":3,"column":44}},"1":{"start":{"line":5,"column":33},"end":{"line":39,"column":2}},"2":{"start":{"line":41,"column":18},"end":{"line":41,"column":58}},"3":{"start":{"line":43,"column":0},"end":{"line":43,"column":25}}},"fnMap":{},"branchMap":{},"s":{"0":4,"1":4,"2":4,"3":4},"f":{},"b":{}}
,"C:\\Users\\nilsk\\Saxion\\jaar 4\\AAD specialisatie\\Backend Development\\AAD - Backend Development\\Assignment-1\\Express\\src\\Models\\UserModel.ts": {"path":"C:\\Users\\nilsk\\Saxion\\jaar 4\\AAD specialisatie\\Backend Development\\AAD - Backend Development\\Assignment-1\\Express\\src\\Models\\UserModel.ts","statementMap":{"0":{"start":{"line":5,"column":0},"end":{"line":5,"column":44}},"1":{"start":{"line":6,"column":0},"end":{"line":6,"column":28}},"2":{"start":{"line":8,"column":33},"end":{"line":45,"column":2}},"3":{"start":{"line":47,"column":0},"end":{"line":56,"column":3}},"4":{"start":{"line":48,"column":2},"end":{"line":50,"column":null}},"5":{"start":{"line":49,"column":4},"end":{"line":49,"column":18}},"6":{"start":{"line":52,"column":15},"end":{"line":52,"column":37}},"7":{"start":{"line":53,"column":15},"end":{"line":53,"column":51}},"8":{"start":{"line":54,"column":2},"end":{"line":54,"column":23}},"9":{"start":{"line":55,"column":2},"end":{"line":55,"column":9}},"10":{"start":{"line":58,"column":18},"end":{"line":58,"column":58}},"11":{"start":{"line":60,"column":0},"end":{"line":60,"column":25}}},"fnMap":{"0":{"name":"(anonymous_14)","decl":{"start":{"line":47,"column":23},"end":{"line":47,"column":38}},"loc":{"start":{"line":47,"column":42},"end":{"line":56,"column":2}}}},"branchMap":{"0":{"loc":{"start":{"line":48,"column":2},"end":{"line":50,"column":null}},"type":"if","locations":[{"start":{"line":48,"column":2},"end":{"line":50,"column":null}}]},"1":{"loc":{"start":{"line":48,"column":6},"end":{"line":48,"column":52}},"type":"binary-expr","locations":[{"start":{"line":48,"column":6},"end":{"line":48,"column":34}},{"start":{"line":48,"column":38},"end":{"line":48,"column":52}}]}},"s":{"0":4,"1":4,"2":4,"3":4,"4":13,"5":0,"6":13,"7":13,"8":13,"9":13,"10":4,"11":4},"f":{"0":13},"b":{"0":[0],"1":[13,13]}}
,"C:\\Users\\nilsk\\Saxion\\jaar 4\\AAD specialisatie\\Backend Development\\AAD - Backend Development\\Assignment-1\\Express\\src\\Routes\\ArticlesRoutes.ts": {"path":"C:\\Users\\nilsk\\Saxion\\jaar 4\\AAD specialisatie\\Backend Development\\AAD - Backend Development\\Assignment-1\\Express\\src\\Routes\\ArticlesRoutes.ts","statementMap":{"0":{"start":{"line":1,"column":0},"end":{"line":1,"column":52}},"1":{"start":{"line":2,"column":0},"end":{"line":2,"column":48}},"2":{"start":{"line":3,"column":0},"end":{"line":3,"column":65}},"3":{"start":{"line":4,"column":0},"end":{"line":4,"column":45}},"4":{"start":{"line":5,"column":0},"end":{"line":5,"column":52}},"5":{"start":{"line":7,"column":15},"end":{"line":7,"column":23}},"6":{"start":{"line":9,"column":0},"end":{"line":24,"column":3}},"7":{"start":{"line":9,"column":53},"end":{"line":24,"column":2}},"8":{"start":{"line":10,"column":2},"end":{"line":23,"column":null}},"9":{"start":{"line":11,"column":21},"end":{"line":11,"column":61}},"10":{"start":{"line":13,"column":19},"end":{"line":13,"column":64}},"11":{"start":{"line":14,"column":4},"end":{"line":18,"column":null}},"12":{"start":{"line":15,"column":6},"end":{"line":17,"column":24}},"13":{"start":{"line":20,"column":4},"end":{"line":22,"column":46}},"14":{"start":{"line":27,"column":0},"end":{"line":45,"column":3}},"15":{"start":{"line":27,"column":64},"end":{"line":45,"column":2}},"16":{"start":{"line":28,"column":2},"end":{"line":44,"column":null}},"17":{"start":{"line":29,"column":19},"end":{"line":29,"column":75}},"18":{"start":{"line":31,"column":4},"end":{"line":39,"column":null}},"19":{"start":{"line":32,"column":6},"end":{"line":34,"column":24}},"20":{"start":{"line":36,"column":6},"end":{"line":38,"column":85}},"21":{"start":{"line":41,"column":4},"end":{"line":43,"column":46}},"22":{"start":{"line":47,"column":0},"end":{"line":61,"column":3}},"23":{"start":{"line":47,"column":75},"end":{"line":61,"column":2}},"24":{"start":{"line":48,"column":2},"end":{"line":60,"column":null}},"25":{"start":{"line":49,"column":20},"end":{"line":49,"column":67}},"26":{"start":{"line":51,"column":4},"end":{"line":55,"column":null}},"27":{"start":{"line":52,"column":6},"end":{"line":54,"column":25}},"28":{"start":{"line":57,"column":4},"end":{"line":59,"column":63}},"29":{"start":{"line":63,"column":0},"end":{"line":81,"column":3}},"30":{"start":{"line":63,"column":85},"end":{"line":81,"column":2}},"31":{"start":{"line":64,"column":2},"end":{"line":80,"column":null}},"32":{"start":{"line":65,"column":27},"end":{"line":65,"column":96}},"33":{"start":{"line":67,"column":4},"end":{"line":75,"column":null}},"34":{"start":{"line":68,"column":6},"end":{"line":70,"column":32}},"35":{"start":{"line":72,"column":6},"end":{"line":74,"column":87}},"36":{"start":{"line":77,"column":4},"end":{"line":79,"column":62}},"37":{"start":{"line":83,"column":0},"end":{"line":100,"column":3}},"38":{"start":{"line":83,"column":88},"end":{"line":100,"column":2}},"39":{"start":{"line":84,"column":2},"end":{"line":99,"column":null}},"40":{"start":{"line":85,"column":19},"end":{"line":85,"column":78}},"41":{"start":{"line":87,"column":4},"end":{"line":95,"column":null}},"42":{"start":{"line":88,"column":6},"end":{"line":90,"column":80}},"43":{"start":{"line":92,"column":6},"end":{"line":94,"column":85}},"44":{"start":{"line":97,"column":4},"end":{"line":98,"column":51}},"45":{"start":{"line":102,"column":0},"end":{"line":102,"column":22}}},"fnMap":{"0":{"name":"(anonymous_8)","decl":{"start":{"line":9,"column":15},"end":{"line":9,"column":22}},"loc":{"start":{"line":9,"column":53},"end":{"line":24,"column":2}}},"1":{"name":"(anonymous_9)","decl":{"start":{"line":9,"column":53},"end":{"line":9,"column":null}},"loc":{"start":{"line":9,"column":53},"end":{"line":24,"column":1}}},"2":{"name":"(anonymous_10)","decl":{"start":{"line":27,"column":26},"end":{"line":27,"column":33}},"loc":{"start":{"line":27,"column":64},"end":{"line":45,"column":2}}},"3":{"name":"(anonymous_11)","decl":{"start":{"line":27,"column":64},"end":{"line":27,"column":null}},"loc":{"start":{"line":27,"column":64},"end":{"line":45,"column":1}}},"4":{"name":"(anonymous_12)","decl":{"start":{"line":47,"column":37},"end":{"line":47,"column":44}},"loc":{"start":{"line":47,"column":75},"end":{"line":61,"column":2}}},"5":{"name":"(anonymous_13)","decl":{"start":{"line":47,"column":75},"end":{"line":47,"column":null}},"loc":{"start":{"line":47,"column":75},"end":{"line":61,"column":1}}},"6":{"name":"(anonymous_14)","decl":{"start":{"line":63,"column":47},"end":{"line":63,"column":54}},"loc":{"start":{"line":63,"column":85},"end":{"line":81,"column":2}}},"7":{"name":"(anonymous_15)","decl":{"start":{"line":63,"column":85},"end":{"line":63,"column":null}},"loc":{"start":{"line":63,"column":85},"end":{"line":81,"column":1}}},"8":{"name":"(anonymous_16)","decl":{"start":{"line":83,"column":50},"end":{"line":83,"column":57}},"loc":{"start":{"line":83,"column":88},"end":{"line":100,"column":2}}},"9":{"name":"(anonymous_17)","decl":{"start":{"line":83,"column":88},"end":{"line":83,"column":null}},"loc":{"start":{"line":83,"column":88},"end":{"line":100,"column":1}}}},"branchMap":{"0":{"loc":{"start":{"line":14,"column":4},"end":{"line":18,"column":null}},"type":"if","locations":[{"start":{"line":14,"column":4},"end":{"line":18,"column":null}}]},"1":{"loc":{"start":{"line":31,"column":4},"end":{"line":39,"column":null}},"type":"if","locations":[{"start":{"line":31,"column":4},"end":{"line":39,"column":null}},{"start":{"line":35,"column":11},"end":{"line":39,"column":null}}]},"2":{"loc":{"start":{"line":51,"column":4},"end":{"line":55,"column":null}},"type":"if","locations":[{"start":{"line":51,"column":4},"end":{"line":55,"column":null}}]},"3":{"loc":{"start":{"line":67,"column":4},"end":{"line":75,"column":null}},"type":"if","locations":[{"start":{"line":67,"column":4},"end":{"line":75,"column":null}},{"start":{"line":71,"column":11},"end":{"line":75,"column":null}}]},"4":{"loc":{"start":{"line":87,"column":4},"end":{"line":95,"column":null}},"type":"if","locations":[{"start":{"line":87,"column":4},"end":{"line":95,"column":null}},{"start":{"line":91,"column":11},"end":{"line":95,"column":null}}]}},"s":{"0":4,"1":4,"2":4,"3":4,"4":4,"5":4,"6":4,"7":1,"8":1,"9":1,"10":1,"11":1,"12":1,"13":0,"14":4,"15":2,"16":2,"17":2,"18":2,"19":1,"20":1,"21":0,"22":4,"23":2,"24":2,"25":2,"26":1,"27":1,"28":1,"29":4,"30":2,"31":2,"32":2,"33":2,"34":1,"35":1,"36":0,"37":4,"38":2,"39":2,"40":2,"41":2,"42":1,"43":1,"44":1,"45":4},"f":{"0":1,"1":1,"2":2,"3":2,"4":2,"5":2,"6":2,"7":2,"8":2,"9":2},"b":{"0":[1],"1":[1,1],"2":[1],"3":[1,1],"4":[1,1]}}
,"C:\\Users\\nilsk\\Saxion\\jaar 4\\AAD specialisatie\\Backend Development\\AAD - Backend Development\\Assignment-1\\Express\\src\\Routes\\AuthRoutes.ts": {"path":"C:\\Users\\nilsk\\Saxion\\jaar 4\\AAD specialisatie\\Backend Development\\AAD - Backend Development\\Assignment-1\\Express\\src\\Routes\\AuthRoutes.ts","statementMap":{"0":{"start":{"line":1,"column":0},"end":{"line":1,"column":52}},"1":{"start":{"line":2,"column":0},"end":{"line":2,"column":48}},"2":{"start":{"line":3,"column":0},"end":{"line":3,"column":59}},"3":{"start":{"line":5,"column":15},"end":{"line":5,"column":23}},"4":{"start":{"line":7,"column":0},"end":{"line":26,"column":3}},"5":{"start":{"line":7,"column":54},"end":{"line":26,"column":2}},"6":{"start":{"line":8,"column":2},"end":{"line":25,"column":null}},"7":{"start":{"line":9,"column":35},"end":{"line":9,"column":43}},"8":{"start":{"line":10,"column":18},"end":{"line":10,"column":75}},"9":{"start":{"line":12,"column":4},"end":{"line":20,"column":null}},"10":{"start":{"line":13,"column":6},"end":{"line":15,"column":27}},"11":{"start":{"line":17,"column":6},"end":{"line":19,"column":84}},"12":{"start":{"line":22,"column":4},"end":{"line":24,"column":46}},"13":{"start":{"line":28,"column":0},"end":{"line":28,"column":22}}},"fnMap":{"0":{"name":"(anonymous_8)","decl":{"start":{"line":7,"column":16},"end":{"line":7,"column":23}},"loc":{"start":{"line":7,"column":54},"end":{"line":26,"column":2}}},"1":{"name":"(anonymous_9)","decl":{"start":{"line":7,"column":54},"end":{"line":7,"column":null}},"loc":{"start":{"line":7,"column":54},"end":{"line":26,"column":1}}}},"branchMap":{"0":{"loc":{"start":{"line":12,"column":4},"end":{"line":20,"column":null}},"type":"if","locations":[{"start":{"line":12,"column":4},"end":{"line":20,"column":null}},{"start":{"line":16,"column":11},"end":{"line":20,"column":null}}]}},"s":{"0":4,"1":4,"2":4,"3":4,"4":4,"5":15,"6":15,"7":15,"8":15,"9":15,"10":15,"11":0,"12":0,"13":4},"f":{"0":15,"1":15},"b":{"0":[15,0]}}
,"C:\\Users\\nilsk\\Saxion\\jaar 4\\AAD specialisatie\\Backend Development\\AAD - Backend Development\\Assignment-1\\Express\\src\\Routes\\CommentRoutes.ts": {"path":"C:\\Users\\nilsk\\Saxion\\jaar 4\\AAD specialisatie\\Backend Development\\AAD - Backend Development\\Assignment-1\\Express\\src\\Routes\\CommentRoutes.ts","statementMap":{"0":{"start":{"line":1,"column":0},"end":{"line":1,"column":52}},"1":{"start":{"line":2,"column":0},"end":{"line":2,"column":48}},"2":{"start":{"line":3,"column":0},"end":{"line":3,"column":65}},"3":{"start":{"line":4,"column":0},"end":{"line":4,"column":52}},"4":{"start":{"line":6,"column":15},"end":{"line":6,"column":23}},"5":{"start":{"line":8,"column":0},"end":{"line":26,"column":3}},"6":{"start":{"line":8,"column":53},"end":{"line":26,"column":2}},"7":{"start":{"line":9,"column":2},"end":{"line":25,"column":null}},"8":{"start":{"line":10,"column":19},"end":{"line":10,"column":56}},"9":{"start":{"line":12,"column":4},"end":{"line":20,"column":null}},"10":{"start":{"line":13,"column":6},"end":{"line":15,"column":24}},"11":{"start":{"line":17,"column":6},"end":{"line":19,"column":54}},"12":{"start":{"line":22,"column":4},"end":{"line":24,"column":46}},"13":{"start":{"line":28,"column":0},"end":{"line":46,"column":3}},"14":{"start":{"line":28,"column":64},"end":{"line":46,"column":2}},"15":{"start":{"line":29,"column":2},"end":{"line":45,"column":null}},"16":{"start":{"line":30,"column":19},"end":{"line":30,"column":75}},"17":{"start":{"line":32,"column":4},"end":{"line":40,"column":null}},"18":{"start":{"line":33,"column":6},"end":{"line":35,"column":24}},"19":{"start":{"line":37,"column":6},"end":{"line":39,"column":85}},"20":{"start":{"line":42,"column":4},"end":{"line":44,"column":46}},"21":{"start":{"line":48,"column":0},"end":{"line":64,"column":3}},"22":{"start":{"line":48,"column":66},"end":{"line":64,"column":2}},"23":{"start":{"line":49,"column":2},"end":{"line":63,"column":null}},"24":{"start":{"line":50,"column":4},"end":{"line":58,"column":null}},"25":{"start":{"line":51,"column":22},"end":{"line":51,"column":96}},"26":{"start":{"line":53,"column":6},"end":{"line":57,"column":null}},"27":{"start":{"line":54,"column":8},"end":{"line":56,"column":27}},"28":{"start":{"line":60,"column":4},"end":{"line":62,"column":63}},"29":{"start":{"line":66,"column":0},"end":{"line":90,"column":3}},"30":{"start":{"line":66,"column":76},"end":{"line":90,"column":2}},"31":{"start":{"line":67,"column":2},"end":{"line":89,"column":null}},"32":{"start":{"line":68,"column":4},"end":{"line":84,"column":null}},"33":{"start":{"line":69,"column":29},"end":{"line":72,"column":null}},"34":{"start":{"line":75,"column":6},"end":{"line":83,"column":null}},"35":{"start":{"line":76,"column":8},"end":{"line":78,"column":34}},"36":{"start":{"line":80,"column":8},"end":{"line":82,"column":89}},"37":{"start":{"line":86,"column":4},"end":{"line":88,"column":62}},"38":{"start":{"line":92,"column":0},"end":{"line":108,"column":3}},"39":{"start":{"line":92,"column":79},"end":{"line":108,"column":2}},"40":{"start":{"line":93,"column":2},"end":{"line":107,"column":null}},"41":{"start":{"line":94,"column":19},"end":{"line":94,"column":78}},"42":{"start":{"line":95,"column":4},"end":{"line":103,"column":null}},"43":{"start":{"line":96,"column":6},"end":{"line":98,"column":80}},"44":{"start":{"line":100,"column":6},"end":{"line":102,"column":85}},"45":{"start":{"line":105,"column":4},"end":{"line":106,"column":51}},"46":{"start":{"line":110,"column":0},"end":{"line":110,"column":22}}},"fnMap":{"0":{"name":"(anonymous_8)","decl":{"start":{"line":8,"column":15},"end":{"line":8,"column":22}},"loc":{"start":{"line":8,"column":53},"end":{"line":26,"column":2}}},"1":{"name":"(anonymous_9)","decl":{"start":{"line":8,"column":53},"end":{"line":8,"column":null}},"loc":{"start":{"line":8,"column":53},"end":{"line":26,"column":1}}},"2":{"name":"(anonymous_10)","decl":{"start":{"line":28,"column":26},"end":{"line":28,"column":33}},"loc":{"start":{"line":28,"column":64},"end":{"line":46,"column":2}}},"3":{"name":"(anonymous_11)","decl":{"start":{"line":28,"column":64},"end":{"line":28,"column":null}},"loc":{"start":{"line":28,"column":64},"end":{"line":46,"column":1}}},"4":{"name":"(anonymous_12)","decl":{"start":{"line":48,"column":28},"end":{"line":48,"column":35}},"loc":{"start":{"line":48,"column":66},"end":{"line":64,"column":2}}},"5":{"name":"(anonymous_13)","decl":{"start":{"line":48,"column":66},"end":{"line":48,"column":null}},"loc":{"start":{"line":48,"column":66},"end":{"line":64,"column":1}}},"6":{"name":"(anonymous_14)","decl":{"start":{"line":66,"column":38},"end":{"line":66,"column":45}},"loc":{"start":{"line":66,"column":76},"end":{"line":90,"column":2}}},"7":{"name":"(anonymous_15)","decl":{"start":{"line":66,"column":76},"end":{"line":66,"column":null}},"loc":{"start":{"line":66,"column":76},"end":{"line":90,"column":1}}},"8":{"name":"(anonymous_16)","decl":{"start":{"line":92,"column":41},"end":{"line":92,"column":48}},"loc":{"start":{"line":92,"column":79},"end":{"line":108,"column":2}}},"9":{"name":"(anonymous_17)","decl":{"start":{"line":92,"column":79},"end":{"line":92,"column":null}},"loc":{"start":{"line":92,"column":79},"end":{"line":108,"column":1}}}},"branchMap":{"0":{"loc":{"start":{"line":12,"column":4},"end":{"line":20,"column":null}},"type":"if","locations":[{"start":{"line":12,"column":4},"end":{"line":20,"column":null}},{"start":{"line":16,"column":11},"end":{"line":20,"column":null}}]},"1":{"loc":{"start":{"line":32,"column":4},"end":{"line":40,"column":null}},"type":"if","locations":[{"start":{"line":32,"column":4},"end":{"line":40,"column":null}},{"start":{"line":36,"column":11},"end":{"line":40,"column":null}}]},"2":{"loc":{"start":{"line":50,"column":4},"end":{"line":58,"column":null}},"type":"if","locations":[{"start":{"line":50,"column":4},"end":{"line":58,"column":null}}]},"3":{"loc":{"start":{"line":53,"column":6},"end":{"line":57,"column":null}},"type":"if","locations":[{"start":{"line":53,"column":6},"end":{"line":57,"column":null}}]},"4":{"loc":{"start":{"line":68,"column":4},"end":{"line":84,"column":null}},"type":"if","locations":[{"start":{"line":68,"column":4},"end":{"line":84,"column":null}}]},"5":{"loc":{"start":{"line":75,"column":6},"end":{"line":83,"column":null}},"type":"if","locations":[{"start":{"line":75,"column":6},"end":{"line":83,"column":null}},{"start":{"line":79,"column":13},"end":{"line":83,"column":null}}]},"6":{"loc":{"start":{"line":95,"column":4},"end":{"line":103,"column":null}},"type":"if","locations":[{"start":{"line":95,"column":4},"end":{"line":103,"column":null}},{"start":{"line":99,"column":11},"end":{"line":103,"column":null}}]}},"s":{"0":4,"1":4,"2":4,"3":4,"4":4,"5":4,"6":1,"7":1,"8":1,"9":1,"10":1,"11":0,"12":0,"13":4,"14":2,"15":2,"16":2,"17":2,"18":1,"19":1,"20":0,"21":4,"22":0,"23":0,"24":0,"25":0,"26":0,"27":0,"28":0,"29":4,"30":0,"31":0,"32":0,"33":0,"34":0,"35":0,"36":0,"37":0,"38":4,"39":0,"40":0,"41":0,"42":0,"43":0,"44":0,"45":0,"46":4},"f":{"0":1,"1":1,"2":2,"3":2,"4":0,"5":0,"6":0,"7":0,"8":0,"9":0},"b":{"0":[1,0],"1":[1,1],"2":[0],"3":[0],"4":[0],"5":[0,0],"6":[0,0]}}
,"C:\\Users\\nilsk\\Saxion\\jaar 4\\AAD specialisatie\\Backend Development\\AAD - Backend Development\\Assignment-1\\Express\\src\\Routes\\PostRoutes.ts": {"path":"C:\\Users\\nilsk\\Saxion\\jaar 4\\AAD specialisatie\\Backend Development\\AAD - Backend Development\\Assignment-1\\Express\\src\\Routes\\PostRoutes.ts","statementMap":{"0":{"start":{"line":1,"column":0},"end":{"line":1,"column":52}},"1":{"start":{"line":2,"column":0},"end":{"line":2,"column":48}},"2":{"start":{"line":3,"column":0},"end":{"line":3,"column":59}},"3":{"start":{"line":4,"column":0},"end":{"line":4,"column":52}},"4":{"start":{"line":6,"column":15},"end":{"line":6,"column":23}},"5":{"start":{"line":8,"column":0},"end":{"line":26,"column":3}},"6":{"start":{"line":8,"column":53},"end":{"line":26,"column":2}},"7":{"start":{"line":9,"column":2},"end":{"line":25,"column":null}},"8":{"start":{"line":10,"column":19},"end":{"line":10,"column":50}},"9":{"start":{"line":12,"column":4},"end":{"line":20,"column":null}},"10":{"start":{"line":13,"column":6},"end":{"line":15,"column":24}},"11":{"start":{"line":17,"column":6},"end":{"line":19,"column":51}},"12":{"start":{"line":22,"column":4},"end":{"line":24,"column":46}},"13":{"start":{"line":28,"column":0},"end":{"line":45,"column":3}},"14":{"start":{"line":28,"column":61},"end":{"line":45,"column":2}},"15":{"start":{"line":29,"column":2},"end":{"line":44,"column":null}},"16":{"start":{"line":30,"column":19},"end":{"line":30,"column":66}},"17":{"start":{"line":31,"column":4},"end":{"line":39,"column":null}},"18":{"start":{"line":32,"column":6},"end":{"line":34,"column":24}},"19":{"start":{"line":36,"column":6},"end":{"line":38,"column":79}},"20":{"start":{"line":41,"column":4},"end":{"line":43,"column":46}},"21":{"start":{"line":47,"column":0},"end":{"line":67,"column":3}},"22":{"start":{"line":47,"column":66},"end":{"line":67,"column":2}},"23":{"start":{"line":48,"column":2},"end":{"line":66,"column":null}},"24":{"start":{"line":49,"column":4},"end":{"line":61,"column":null}},"25":{"start":{"line":50,"column":19},"end":{"line":50,"column":87}},"26":{"start":{"line":52,"column":6},"end":{"line":56,"column":null}},"27":{"start":{"line":53,"column":8},"end":{"line":55,"column":24}},"28":{"start":{"line":58,"column":6},"end":{"line":60,"column":62}},"29":{"start":{"line":63,"column":4},"end":{"line":65,"column":63}},"30":{"start":{"line":69,"column":0},"end":{"line":89,"column":3}},"31":{"start":{"line":69,"column":73},"end":{"line":89,"column":2}},"32":{"start":{"line":70,"column":2},"end":{"line":88,"column":null}},"33":{"start":{"line":71,"column":4},"end":{"line":83,"column":null}},"34":{"start":{"line":72,"column":26},"end":{"line":72,"column":113}},"35":{"start":{"line":74,"column":6},"end":{"line":82,"column":null}},"36":{"start":{"line":75,"column":8},"end":{"line":77,"column":31}},"37":{"start":{"line":79,"column":8},"end":{"line":81,"column":83}},"38":{"start":{"line":85,"column":4},"end":{"line":87,"column":46}},"39":{"start":{"line":91,"column":0},"end":{"line":107,"column":3}},"40":{"start":{"line":91,"column":76},"end":{"line":107,"column":2}},"41":{"start":{"line":92,"column":2},"end":{"line":106,"column":null}},"42":{"start":{"line":93,"column":19},"end":{"line":93,"column":69}},"43":{"start":{"line":94,"column":4},"end":{"line":102,"column":null}},"44":{"start":{"line":95,"column":6},"end":{"line":97,"column":74}},"45":{"start":{"line":99,"column":6},"end":{"line":101,"column":79}},"46":{"start":{"line":104,"column":4},"end":{"line":105,"column":51}},"47":{"start":{"line":109,"column":0},"end":{"line":109,"column":22}}},"fnMap":{"0":{"name":"(anonymous_8)","decl":{"start":{"line":8,"column":15},"end":{"line":8,"column":22}},"loc":{"start":{"line":8,"column":53},"end":{"line":26,"column":2}}},"1":{"name":"(anonymous_9)","decl":{"start":{"line":8,"column":53},"end":{"line":8,"column":null}},"loc":{"start":{"line":8,"column":53},"end":{"line":26,"column":1}}},"2":{"name":"(anonymous_10)","decl":{"start":{"line":28,"column":23},"end":{"line":28,"column":30}},"loc":{"start":{"line":28,"column":61},"end":{"line":45,"column":2}}},"3":{"name":"(anonymous_11)","decl":{"start":{"line":28,"column":61},"end":{"line":28,"column":null}},"loc":{"start":{"line":28,"column":61},"end":{"line":45,"column":1}}},"4":{"name":"(anonymous_12)","decl":{"start":{"line":47,"column":28},"end":{"line":47,"column":35}},"loc":{"start":{"line":47,"column":66},"end":{"line":67,"column":2}}},"5":{"name":"(anonymous_13)","decl":{"start":{"line":47,"column":66},"end":{"line":47,"column":null}},"loc":{"start":{"line":47,"column":66},"end":{"line":67,"column":1}}},"6":{"name":"(anonymous_14)","decl":{"start":{"line":69,"column":35},"end":{"line":69,"column":42}},"loc":{"start":{"line":69,"column":73},"end":{"line":89,"column":2}}},"7":{"name":"(anonymous_15)","decl":{"start":{"line":69,"column":73},"end":{"line":69,"column":null}},"loc":{"start":{"line":69,"column":73},"end":{"line":89,"column":1}}},"8":{"name":"(anonymous_16)","decl":{"start":{"line":91,"column":38},"end":{"line":91,"column":45}},"loc":{"start":{"line":91,"column":76},"end":{"line":107,"column":2}}},"9":{"name":"(anonymous_17)","decl":{"start":{"line":91,"column":76},"end":{"line":91,"column":null}},"loc":{"start":{"line":91,"column":76},"end":{"line":107,"column":1}}}},"branchMap":{"0":{"loc":{"start":{"line":12,"column":4},"end":{"line":20,"column":null}},"type":"if","locations":[{"start":{"line":12,"column":4},"end":{"line":20,"column":null}},{"start":{"line":16,"column":11},"end":{"line":20,"column":null}}]},"1":{"loc":{"start":{"line":31,"column":4},"end":{"line":39,"column":null}},"type":"if","locations":[{"start":{"line":31,"column":4},"end":{"line":39,"column":null}},{"start":{"line":35,"column":11},"end":{"line":39,"column":null}}]},"2":{"loc":{"start":{"line":49,"column":4},"end":{"line":61,"column":null}},"type":"if","locations":[{"start":{"line":49,"column":4},"end":{"line":61,"column":null}},{"start":{"line":57,"column":11},"end":{"line":61,"column":null}}]},"3":{"loc":{"start":{"line":52,"column":6},"end":{"line":56,"column":null}},"type":"if","locations":[{"start":{"line":52,"column":6},"end":{"line":56,"column":null}}]},"4":{"loc":{"start":{"line":71,"column":4},"end":{"line":83,"column":null}},"type":"if","locations":[{"start":{"line":71,"column":4},"end":{"line":83,"column":null}}]},"5":{"loc":{"start":{"line":74,"column":6},"end":{"line":82,"column":null}},"type":"if","locations":[{"start":{"line":74,"column":6},"end":{"line":82,"column":null}},{"start":{"line":78,"column":13},"end":{"line":82,"column":null}}]},"6":{"loc":{"start":{"line":94,"column":4},"end":{"line":102,"column":null}},"type":"if","locations":[{"start":{"line":94,"column":4},"end":{"line":102,"column":null}},{"start":{"line":98,"column":11},"end":{"line":102,"column":null}}]}},"s":{"0":4,"1":4,"2":4,"3":4,"4":4,"5":4,"6":1,"7":1,"8":1,"9":1,"10":1,"11":0,"12":0,"13":4,"14":2,"15":2,"16":2,"17":2,"18":1,"19":1,"20":0,"21":4,"22":0,"23":0,"24":0,"25":0,"26":0,"27":0,"28":0,"29":0,"30":4,"31":0,"32":0,"33":0,"34":0,"35":0,"36":0,"37":0,"38":0,"39":4,"40":0,"41":0,"42":0,"43":0,"44":0,"45":0,"46":0,"47":4},"f":{"0":1,"1":1,"2":2,"3":2,"4":0,"5":0,"6":0,"7":0,"8":0,"9":0},"b":{"0":[1,0],"1":[1,1],"2":[0,0],"3":[0],"4":[0],"5":[0,0],"6":[0,0]}}
,"C:\\Users\\nilsk\\Saxion\\jaar 4\\AAD specialisatie\\Backend Development\\AAD - Backend Development\\Assignment-1\\Express\\src\\Routes\\UserRoutes.ts": {"path":"C:\\Users\\nilsk\\Saxion\\jaar 4\\AAD specialisatie\\Backend Development\\AAD - Backend Development\\Assignment-1\\Express\\src\\Routes\\UserRoutes.ts","statementMap":{"0":{"start":{"line":1,"column":0},"end":{"line":1,"column":52}},"1":{"start":{"line":2,"column":0},"end":{"line":2,"column":48}},"2":{"start":{"line":3,"column":0},"end":{"line":3,"column":59}},"3":{"start":{"line":4,"column":0},"end":{"line":4,"column":52}},"4":{"start":{"line":5,"column":0},"end":{"line":5,"column":45}},"5":{"start":{"line":7,"column":15},"end":{"line":7,"column":23}},"6":{"start":{"line":9,"column":0},"end":{"line":27,"column":3}},"7":{"start":{"line":9,"column":74},"end":{"line":27,"column":2}},"8":{"start":{"line":10,"column":2},"end":{"line":26,"column":null}},"9":{"start":{"line":11,"column":19},"end":{"line":11,"column":50}},"10":{"start":{"line":13,"column":4},"end":{"line":21,"column":null}},"11":{"start":{"line":14,"column":6},"end":{"line":16,"column":24}},"12":{"start":{"line":18,"column":6},"end":{"line":20,"column":51}},"13":{"start":{"line":23,"column":4},"end":{"line":25,"column":46}},"14":{"start":{"line":29,"column":0},"end":{"line":46,"column":3}},"15":{"start":{"line":29,"column":82},"end":{"line":46,"column":2}},"16":{"start":{"line":30,"column":2},"end":{"line":45,"column":null}},"17":{"start":{"line":31,"column":19},"end":{"line":31,"column":66}},"18":{"start":{"line":32,"column":4},"end":{"line":40,"column":null}},"19":{"start":{"line":33,"column":6},"end":{"line":35,"column":24}},"20":{"start":{"line":37,"column":6},"end":{"line":39,"column":79}},"21":{"start":{"line":42,"column":4},"end":{"line":44,"column":46}},"22":{"start":{"line":48,"column":0},"end":{"line":62,"column":3}},"23":{"start":{"line":48,"column":54},"end":{"line":62,"column":2}},"24":{"start":{"line":49,"column":2},"end":{"line":61,"column":null}},"25":{"start":{"line":50,"column":17},"end":{"line":50,"column":58}},"26":{"start":{"line":52,"column":4},"end":{"line":56,"column":null}},"27":{"start":{"line":53,"column":6},"end":{"line":55,"column":22}},"28":{"start":{"line":58,"column":4},"end":{"line":60,"column":75}},"29":{"start":{"line":64,"column":0},"end":{"line":82,"column":3}},"30":{"start":{"line":64,"column":82},"end":{"line":82,"column":2}},"31":{"start":{"line":65,"column":2},"end":{"line":81,"column":null}},"32":{"start":{"line":66,"column":24},"end":{"line":66,"column":84}},"33":{"start":{"line":68,"column":4},"end":{"line":76,"column":null}},"34":{"start":{"line":69,"column":6},"end":{"line":71,"column":29}},"35":{"start":{"line":73,"column":6},"end":{"line":75,"column":81}},"36":{"start":{"line":78,"column":4},"end":{"line":80,"column":46}},"37":{"start":{"line":84,"column":0},"end":{"line":101,"column":3}},"38":{"start":{"line":84,"column":85},"end":{"line":101,"column":2}},"39":{"start":{"line":85,"column":2},"end":{"line":100,"column":null}},"40":{"start":{"line":86,"column":19},"end":{"line":86,"column":69}},"41":{"start":{"line":88,"column":4},"end":{"line":95,"column":null}},"42":{"start":{"line":89,"column":6},"end":{"line":90,"column":46}},"43":{"start":{"line":92,"column":6},"end":{"line":94,"column":79}},"44":{"start":{"line":97,"column":4},"end":{"line":99,"column":46}},"45":{"start":{"line":103,"column":0},"end":{"line":103,"column":22}}},"fnMap":{"0":{"name":"(anonymous_8)","decl":{"start":{"line":9,"column":36},"end":{"line":9,"column":43}},"loc":{"start":{"line":9,"column":74},"end":{"line":27,"column":2}}},"1":{"name":"(anonymous_9)","decl":{"start":{"line":9,"column":74},"end":{"line":9,"column":null}},"loc":{"start":{"line":9,"column":74},"end":{"line":27,"column":1}}},"2":{"name":"(anonymous_10)","decl":{"start":{"line":29,"column":44},"end":{"line":29,"column":51}},"loc":{"start":{"line":29,"column":82},"end":{"line":46,"column":2}}},"3":{"name":"(anonymous_11)","decl":{"start":{"line":29,"column":82},"end":{"line":29,"column":null}},"loc":{"start":{"line":29,"column":82},"end":{"line":46,"column":1}}},"4":{"name":"(anonymous_12)","decl":{"start":{"line":48,"column":16},"end":{"line":48,"column":23}},"loc":{"start":{"line":48,"column":54},"end":{"line":62,"column":2}}},"5":{"name":"(anonymous_13)","decl":{"start":{"line":48,"column":54},"end":{"line":48,"column":null}},"loc":{"start":{"line":48,"column":54},"end":{"line":62,"column":1}}},"6":{"name":"(anonymous_14)","decl":{"start":{"line":64,"column":44},"end":{"line":64,"column":51}},"loc":{"start":{"line":64,"column":82},"end":{"line":82,"column":2}}},"7":{"name":"(anonymous_15)","decl":{"start":{"line":64,"column":82},"end":{"line":64,"column":null}},"loc":{"start":{"line":64,"column":82},"end":{"line":82,"column":1}}},"8":{"name":"(anonymous_16)","decl":{"start":{"line":84,"column":47},"end":{"line":84,"column":54}},"loc":{"start":{"line":84,"column":85},"end":{"line":101,"column":2}}},"9":{"name":"(anonymous_17)","decl":{"start":{"line":84,"column":85},"end":{"line":84,"column":null}},"loc":{"start":{"line":84,"column":85},"end":{"line":101,"column":1}}}},"branchMap":{"0":{"loc":{"start":{"line":13,"column":4},"end":{"line":21,"column":null}},"type":"if","locations":[{"start":{"line":13,"column":4},"end":{"line":21,"column":null}},{"start":{"line":17,"column":11},"end":{"line":21,"column":null}}]},"1":{"loc":{"start":{"line":32,"column":4},"end":{"line":40,"column":null}},"type":"if","locations":[{"start":{"line":32,"column":4},"end":{"line":40,"column":null}},{"start":{"line":36,"column":11},"end":{"line":40,"column":null}}]},"2":{"loc":{"start":{"line":52,"column":4},"end":{"line":56,"column":null}},"type":"if","locations":[{"start":{"line":52,"column":4},"end":{"line":56,"column":null}}]},"3":{"loc":{"start":{"line":68,"column":4},"end":{"line":76,"column":null}},"type":"if","locations":[{"start":{"line":68,"column":4},"end":{"line":76,"column":null}},{"start":{"line":72,"column":11},"end":{"line":76,"column":null}}]},"4":{"loc":{"start":{"line":88,"column":4},"end":{"line":95,"column":null}},"type":"if","locations":[{"start":{"line":88,"column":4},"end":{"line":95,"column":null}},{"start":{"line":91,"column":11},"end":{"line":95,"column":null}}]}},"s":{"0":4,"1":4,"2":4,"3":4,"4":4,"5":4,"6":4,"7":1,"8":1,"9":1,"10":1,"11":1,"12":0,"13":0,"14":4,"15":1,"16":1,"17":1,"18":1,"19":1,"20":0,"21":0,"22":4,"23":2,"24":2,"25":2,"26":1,"27":1,"28":1,"29":4,"30":1,"31":1,"32":1,"33":1,"34":1,"35":0,"36":0,"37":4,"38":1,"39":1,"40":1,"41":1,"42":1,"43":0,"44":0,"45":4},"f":{"0":1,"1":1,"2":1,"3":1,"4":2,"5":2,"6":1,"7":1,"8":1,"9":1},"b":{"0":[1,0],"1":[1,0],"2":[1],"3":[1,0],"4":[1,0]}}
,"C:\\Users\\nilsk\\Saxion\\jaar 4\\AAD specialisatie\\Backend Development\\AAD - Backend Development\\Assignment-1\\Express\\src\\Typings\\Article.d.ts": {"path":"C:\\Users\\nilsk\\Saxion\\jaar 4\\AAD specialisatie\\Backend Development\\AAD - Backend Development\\Assignment-1\\Express\\src\\Typings\\Article.d.ts","statementMap":{},"fnMap":{},"branchMap":{},"s":{},"f":{},"b":{}}
,"C:\\Users\\nilsk\\Saxion\\jaar 4\\AAD specialisatie\\Backend Development\\AAD - Backend Development\\Assignment-1\\Express\\src\\Typings\\Comment.d.ts": {"path":"C:\\Users\\nilsk\\Saxion\\jaar 4\\AAD specialisatie\\Backend Development\\AAD - Backend Development\\Assignment-1\\Express\\src\\Typings\\Comment.d.ts","statementMap":{},"fnMap":{},"branchMap":{},"s":{},"f":{},"b":{}}
,"C:\\Users\\nilsk\\Saxion\\jaar 4\\AAD specialisatie\\Backend Development\\AAD - Backend Development\\Assignment-1\\Express\\src\\Typings\\Post.d.ts": {"path":"C:\\Users\\nilsk\\Saxion\\jaar 4\\AAD specialisatie\\Backend Development\\AAD - Backend Development\\Assignment-1\\Express\\src\\Typings\\Post.d.ts","statementMap":{},"fnMap":{},"branchMap":{},"s":{},"f":{},"b":{}}
,"C:\\Users\\nilsk\\Saxion\\jaar 4\\AAD specialisatie\\Backend Development\\AAD - Backend Development\\Assignment-1\\Express\\src\\Typings\\User.d.ts": {"path":"C:\\Users\\nilsk\\Saxion\\jaar 4\\AAD specialisatie\\Backend Development\\AAD - Backend Development\\Assignment-1\\Express\\src\\Typings\\User.d.ts","statementMap":{},"fnMap":{},"branchMap":{},"s":{},"f":{},"b":{}}
,"C:\\Users\\nilsk\\Saxion\\jaar 4\\AAD specialisatie\\Backend Development\\AAD - Backend Development\\Assignment-1\\Express\\src\\Utils\\Server.ts": {"path":"C:\\Users\\nilsk\\Saxion\\jaar 4\\AAD specialisatie\\Backend Development\\AAD - Backend Development\\Assignment-1\\Express\\src\\Utils\\Server.ts","statementMap":{"0":{"start":{"line":3,"column":0},"end":{"line":3,"column":30}},"1":{"start":{"line":4,"column":0},"end":{"line":4,"column":53}},"2":{"start":{"line":5,"column":0},"end":{"line":5,"column":46}},"3":{"start":{"line":6,"column":0},"end":{"line":6,"column":52}},"4":{"start":{"line":7,"column":0},"end":{"line":7,"column":46}},"5":{"start":{"line":8,"column":0},"end":{"line":8,"column":46}},"6":{"start":{"line":10,"column":21},"end":{"line":26,"column":1}},"7":{"start":{"line":11,"column":23},"end":{"line":11,"column":32}},"8":{"start":{"line":13,"column":2},"end":{"line":15,"column":6}},"9":{"start":{"line":17,"column":2},"end":{"line":17,"column":26}},"10":{"start":{"line":19,"column":2},"end":{"line":19,"column":38}},"11":{"start":{"line":20,"column":2},"end":{"line":20,"column":32}},"12":{"start":{"line":21,"column":2},"end":{"line":21,"column":38}},"13":{"start":{"line":22,"column":2},"end":{"line":22,"column":32}},"14":{"start":{"line":23,"column":2},"end":{"line":23,"column":38}},"15":{"start":{"line":25,"column":2},"end":{"line":25,"column":13}},"16":{"start":{"line":28,"column":0},"end":{"line":28,"column":28}}},"fnMap":{"0":{"name":"(anonymous_1)","decl":{"start":{"line":10,"column":21},"end":{"line":10,"column":24}},"loc":{"start":{"line":10,"column":26},"end":{"line":26,"column":1}}}},"branchMap":{},"s":{"0":4,"1":4,"2":4,"3":4,"4":4,"5":4,"6":4,"7":4,"8":4,"9":4,"10":4,"11":4,"12":4,"13":4,"14":4,"15":4,"16":4},"f":{"0":4},"b":{}}
,"C:\\Users\\nilsk\\Saxion\\jaar 4\\AAD specialisatie\\Backend Development\\AAD - Backend Development\\Assignment-1\\Express\\src\\helpers\\removeMongoID.ts": {"path":"C:\\Users\\nilsk\\Saxion\\jaar 4\\AAD specialisatie\\Backend Development\\AAD - Backend Development\\Assignment-1\\Express\\src\\helpers\\removeMongoID.ts","statementMap":{"0":{"start":{"line":10,"column":19},"end":{"line":17,"column":3}},"1":{"start":{"line":11,"column":4},"end":{"line":15,"column":null}},"2":{"start":{"line":13,"column":31},"end":{"line":13,"column":45}},"3":{"start":{"line":13,"column":17},"end":{"line":13,"column":22}},"4":{"start":{"line":13,"column":26},"end":{"line":13,"column":31}},"5":{"start":{"line":14,"column":6},"end":{"line":14,"column":18}},"6":{"start":{"line":16,"column":4},"end":{"line":16,"column":15}},"7":{"start":{"line":19,"column":2},"end":{"line":23,"column":null}},"8":{"start":{"line":20,"column":4},"end":{"line":20,"column":55}},"9":{"start":{"line":20,"column":35},"end":{"line":20,"column":48}},"10":{"start":{"line":22,"column":4},"end":{"line":22,"column":37}},"11":{"start":{"line":9,"column":0},"end":{"line":9,"column":16}}},"fnMap":{"0":{"name":"removeIdField","decl":{"start":{"line":9,"column":16},"end":{"line":9,"column":29}},"loc":{"start":{"line":9,"column":76},"end":{"line":24,"column":1}}},"1":{"name":"(anonymous_2)","decl":{"start":{"line":10,"column":19},"end":{"line":10,"column":20}},"loc":{"start":{"line":10,"column":37},"end":{"line":17,"column":3}}},"2":{"name":"(anonymous_3)","decl":{"start":{"line":20,"column":26},"end":{"line":20,"column":27}},"loc":{"start":{"line":20,"column":35},"end":{"line":20,"column":48}}}},"branchMap":{"0":{"loc":{"start":{"line":11,"column":4},"end":{"line":15,"column":null}},"type":"if","locations":[{"start":{"line":11,"column":4},"end":{"line":15,"column":null}}]},"1":{"loc":{"start":{"line":11,"column":8},"end":{"line":11,"column":22}},"type":"binary-expr","locations":[{"start":{"line":11,"column":8},"end":{"line":11,"column":11}},{"start":{"line":11,"column":15},"end":{"line":11,"column":22}}]},"2":{"loc":{"start":{"line":19,"column":2},"end":{"line":23,"column":null}},"type":"if","locations":[{"start":{"line":19,"column":2},"end":{"line":23,"column":null}},{"start":{"line":21,"column":9},"end":{"line":23,"column":null}}]}},"s":{"0":26,"1":31,"2":31,"3":31,"4":31,"5":31,"6":0,"7":26,"8":4,"9":9,"10":22,"11":4},"f":{"0":26,"1":31,"2":9},"b":{"0":[31],"1":[31,31],"2":[4,22]}}
}
