TN:
SF:src\config.ts
FNF:0
FNH:0
DA:1,0
DA:7,0
LF:2
LH:0
BRDA:2,0,0,0
BRDA:2,0,1,0
BRDA:3,1,0,0
BRDA:3,1,1,0
BRDA:4,2,0,0
BRDA:4,2,1,0
BRF:6
BRH:0
end_of_record
TN:
SF:src\index.ts
FN:12,(anonymous_1)
FN:16,(anonymous_2)
FNF:2
FNH:0
FNDA:0,(anonymous_1)
FNDA:0,(anonymous_2)
DA:3,0
DA:4,0
DA:6,0
DA:7,0
DA:10,0
DA:12,0
DA:13,0
DA:16,0
DA:17,0
LF:9
LH:0
BRF:0
BRH:0
end_of_record
TN:
SF:src\Controllers\ArticleController.ts
FN:7,(anonymous_8)
FN:7,(anonymous_9)
FN:16,(anonymous_10)
FN:16,(anonymous_11)
FN:28,(anonymous_12)
FN:28,(anonymous_13)
FN:39,(anonymous_14)
FN:39,(anonymous_15)
FN:56,(anonymous_16)
FN:56,(anonymous_17)
FNF:10
FNH:0
FNDA:0,(anonymous_8)
FNDA:0,(anonymous_9)
FNDA:0,(anonymous_10)
FNDA:0,(anonymous_11)
FNDA:0,(anonymous_12)
FNDA:0,(anonymous_13)
FNDA:0,(anonymous_14)
FNDA:0,(anonymous_15)
FNDA:0,(anonymous_16)
FNDA:0,(anonymous_17)
DA:3,4
DA:4,4
DA:5,4
DA:7,4
DA:8,0
DA:9,0
DA:10,0
DA:12,0
DA:16,4
DA:17,0
DA:18,0
DA:19,0
DA:20,0
DA:22,0
DA:24,0
DA:28,4
DA:29,0
DA:30,0
DA:31,0
DA:32,0
DA:33,0
DA:35,0
DA:39,4
DA:40,0
DA:41,0
DA:47,0
DA:48,0
DA:50,0
DA:52,0
DA:56,4
DA:57,0
DA:58,0
DA:59,0
DA:61,0
DA:65,4
DA:73,4
LF:36
LH:10
BRDA:9,0,0,0
BRDA:9,0,1,0
BRDA:19,1,0,0
BRDA:47,2,0,0
BRF:4
BRH:0
end_of_record
TN:
SF:src\Controllers\AuthController.ts
FN:7,(anonymous_8)
FN:7,(anonymous_9)
FNF:2
FNH:2
FNDA:5,(anonymous_8)
FNDA:5,(anonymous_9)
DA:3,4
DA:4,4
DA:5,4
DA:7,5
DA:8,5
DA:9,5
DA:10,5
DA:12,5
DA:13,5
DA:15,5
DA:16,5
DA:22,0
DA:25,0
DA:28,0
DA:31,0
DA:35,4
DA:39,4
LF:17
LH:13
BRDA:9,0,0,5
BRDA:9,0,1,0
BRDA:9,1,0,5
BRDA:9,1,1,5
BRDA:12,2,0,5
BRDA:12,2,1,0
BRDA:15,3,0,5
BRDA:15,3,1,0
BRF:8
BRH:5
end_of_record
TN:
SF:src\Controllers\CommentController.ts
FN:9,(anonymous_8)
FN:9,(anonymous_9)
FN:18,(anonymous_10)
FN:18,(anonymous_11)
FN:30,(anonymous_12)
FN:30,(anonymous_13)
FN:50,(anonymous_14)
FN:50,(anonymous_15)
FN:72,(anonymous_16)
FN:72,(anonymous_17)
FNF:10
FNH:2
FNDA:1,(anonymous_8)
FNDA:1,(anonymous_9)
FNDA:0,(anonymous_10)
FNDA:0,(anonymous_11)
FNDA:0,(anonymous_12)
FNDA:0,(anonymous_13)
FNDA:0,(anonymous_14)
FNDA:0,(anonymous_15)
FNDA:0,(anonymous_16)
FNDA:0,(anonymous_17)
DA:4,4
DA:5,4
DA:6,4
DA:7,4
DA:9,4
DA:10,1
DA:11,1
DA:12,1
DA:14,0
DA:18,4
DA:19,0
DA:20,0
DA:21,0
DA:22,0
DA:24,0
DA:26,0
DA:30,4
DA:31,0
DA:32,0
DA:33,0
DA:35,0
DA:36,0
DA:39,0
DA:40,0
DA:41,0
DA:42,0
DA:44,0
DA:46,0
DA:50,4
DA:51,0
DA:52,0
DA:53,0
DA:55,0
DA:56,0
DA:62,0
DA:63,0
DA:66,0
DA:68,0
DA:72,4
DA:73,0
DA:74,0
DA:75,0
DA:77,0
DA:81,4
DA:89,4
LF:45
LH:14
BRDA:21,0,0,0
BRDA:35,1,0,0
BRDA:55,2,0,0
BRDA:62,3,0,0
BRF:4
BRH:0
end_of_record
TN:
SF:src\Controllers\PostController.ts
FN:9,(anonymous_8)
FN:9,(anonymous_9)
FN:18,(anonymous_10)
FN:18,(anonymous_11)
FN:30,(anonymous_12)
FN:30,(anonymous_13)
FN:50,(anonymous_14)
FN:50,(anonymous_15)
FN:72,(anonymous_16)
FN:72,(anonymous_17)
FNF:10
FNH:2
FNDA:1,(anonymous_8)
FNDA:1,(anonymous_9)
FNDA:0,(anonymous_10)
FNDA:0,(anonymous_11)
FNDA:0,(anonymous_12)
FNDA:0,(anonymous_13)
FNDA:0,(anonymous_14)
FNDA:0,(anonymous_15)
FNDA:0,(anonymous_16)
FNDA:0,(anonymous_17)
DA:4,4
DA:5,4
DA:6,4
DA:7,4
DA:9,4
DA:10,1
DA:11,1
DA:12,1
DA:14,0
DA:18,4
DA:19,0
DA:20,0
DA:21,0
DA:22,0
DA:24,0
DA:26,0
DA:30,4
DA:31,0
DA:32,0
DA:33,0
DA:35,0
DA:36,0
DA:39,0
DA:40,0
DA:41,0
DA:42,0
DA:44,0
DA:46,0
DA:50,4
DA:51,0
DA:52,0
DA:53,0
DA:55,0
DA:56,0
DA:62,0
DA:63,0
DA:66,0
DA:68,0
DA:72,4
DA:73,0
DA:74,0
DA:75,0
DA:77,0
DA:81,4
DA:89,4
LF:45
LH:14
BRDA:21,0,0,0
BRDA:35,1,0,0
BRDA:55,2,0,0
BRDA:62,3,0,0
BRF:4
BRH:0
end_of_record
TN:
SF:src\Controllers\UserController.ts
FN:7,(anonymous_8)
FN:7,(anonymous_9)
FN:16,(anonymous_10)
FN:16,(anonymous_11)
FN:28,(anonymous_12)
FN:28,(anonymous_13)
FN:40,(anonymous_14)
FN:40,(anonymous_15)
FN:57,(anonymous_16)
FN:57,(anonymous_17)
FNF:10
FNH:6
FNDA:1,(anonymous_8)
FNDA:1,(anonymous_9)
FNDA:5,(anonymous_10)
FNDA:5,(anonymous_11)
FNDA:2,(anonymous_12)
FNDA:2,(anonymous_13)
FNDA:0,(anonymous_14)
FNDA:0,(anonymous_15)
FNDA:0,(anonymous_16)
FNDA:0,(anonymous_17)
DA:3,4
DA:4,4
DA:5,4
DA:7,4
DA:8,1
DA:9,1
DA:10,1
DA:12,0
DA:16,5
DA:17,5
DA:18,5
DA:19,5
DA:20,5
DA:22,0
DA:24,0
DA:28,4
DA:29,2
DA:30,2
DA:31,2
DA:32,2
DA:33,2
DA:34,1
DA:36,1
DA:40,4
DA:41,0
DA:42,0
DA:48,0
DA:49,0
DA:51,0
DA:53,0
DA:57,4
DA:58,0
DA:59,0
DA:60,0
DA:62,0
DA:66,4
DA:74,4
LF:37
LH:24
BRDA:19,0,0,5
BRDA:48,1,0,0
BRF:2
BRH:1
end_of_record
TN:
SF:src\Database\Connection.ts
FN:11,(anonymous_1)
FN:15,(anonymous_2)
FN:21,(anonymous_3)
FN:24,(anonymous_4)
FNF:4
FNH:0
FNDA:0,(anonymous_1)
FNDA:0,(anonymous_2)
FNDA:0,(anonymous_3)
FNDA:0,(anonymous_4)
DA:3,0
DA:4,0
DA:6,0
DA:7,0
DA:8,0
DA:12,0
DA:16,0
DA:20,0
DA:22,0
DA:25,0
DA:26,0
DA:31,0
LF:12
LH:0
BRF:0
BRH:0
end_of_record
TN:
SF:src\Middleware\is-admin.ts
FN:6,(anonymous_0)
FNF:1
FNH:1
FNDA:4,(anonymous_0)
DA:4,4
DA:6,4
DA:7,4
DA:9,4
DA:10,2
DA:12,2
DA:18,4
LF:7
LH:7
BRDA:9,0,0,2
BRDA:9,0,1,2
BRDA:9,1,0,4
BRDA:9,1,1,4
BRF:4
BRH:4
end_of_record
TN:
SF:src\Middleware\is-logged-in.ts
FN:17,(anonymous_8)
FN:17,(anonymous_9)
FN:32,(anonymous_10)
FN:42,(anonymous_11)
FN:42,(anonymous_12)
FNF:5
FNH:5
FNDA:6,(anonymous_8)
FNDA:6,(anonymous_9)
FNDA:6,(anonymous_10)
FNDA:5,(anonymous_11)
FNDA:5,(anonymous_12)
DA:4,4
DA:5,4
DA:6,4
DA:17,6
DA:18,6
DA:20,6
DA:21,5
DA:23,5
DA:24,4
DA:25,4
DA:29,2
DA:32,4
DA:33,6
DA:35,6
DA:36,5
DA:39,1
DA:42,5
DA:43,5
DA:45,5
DA:46,4
DA:47,4
DA:48,4
DA:49,4
DA:50,4
DA:52,0
DA:53,0
DA:57,0
DA:58,0
DA:61,1
DA:64,4
LF:30
LH:26
BRDA:20,0,0,5
BRDA:23,1,0,4
BRDA:35,2,0,5
BRDA:45,3,0,4
BRDA:48,4,0,4
BRF:5
BRH:5
end_of_record
TN:
SF:src\Models\ArticleModel.ts
FNF:0
FNH:0
DA:3,4
DA:5,4
DA:32,4
DA:34,4
LF:4
LH:4
BRF:0
BRH:0
end_of_record
TN:
SF:src\Models\CommentModel.ts
FNF:0
FNH:0
DA:3,4
DA:5,4
DA:30,4
DA:32,4
LF:4
LH:4
BRF:0
BRH:0
end_of_record
TN:
SF:src\Models\PostModel.ts
FNF:0
FNH:0
DA:3,4
DA:5,4
DA:41,4
DA:43,4
LF:4
LH:4
BRF:0
BRH:0
end_of_record
TN:
SF:src\Models\UserModel.ts
FN:47,(anonymous_14)
FNF:1
FNH:1
FNDA:9,(anonymous_14)
DA:5,4
DA:6,4
DA:8,4
DA:47,4
DA:48,9
DA:49,0
DA:52,9
DA:53,9
DA:54,9
DA:55,9
DA:58,4
DA:60,4
LF:12
LH:11
BRDA:48,0,0,0
BRDA:48,1,0,9
BRDA:48,1,1,9
BRF:3
BRH:2
end_of_record
TN:
SF:src\Routes\ArticlesRoutes.ts
FN:9,(anonymous_8)
FN:9,(anonymous_9)
FN:27,(anonymous_10)
FN:27,(anonymous_11)
FN:47,(anonymous_12)
FN:47,(anonymous_13)
FN:63,(anonymous_14)
FN:63,(anonymous_15)
FN:83,(anonymous_16)
FN:83,(anonymous_17)
FNF:10
FNH:0
FNDA:0,(anonymous_8)
FNDA:0,(anonymous_9)
FNDA:0,(anonymous_10)
FNDA:0,(anonymous_11)
FNDA:0,(anonymous_12)
FNDA:0,(anonymous_13)
FNDA:0,(anonymous_14)
FNDA:0,(anonymous_15)
FNDA:0,(anonymous_16)
FNDA:0,(anonymous_17)
DA:1,4
DA:2,4
DA:3,4
DA:4,4
DA:5,4
DA:7,4
DA:9,4
DA:10,0
DA:11,0
DA:13,0
DA:14,0
DA:15,0
DA:20,0
DA:27,4
DA:28,0
DA:29,0
DA:31,0
DA:32,0
DA:36,0
DA:41,0
DA:47,4
DA:48,0
DA:49,0
DA:51,0
DA:52,0
DA:57,0
DA:63,4
DA:64,0
DA:65,0
DA:67,0
DA:68,0
DA:72,0
DA:77,0
DA:83,4
DA:84,0
DA:85,0
DA:87,0
DA:88,0
DA:92,0
DA:97,0
DA:102,4
LF:41
LH:12
BRDA:14,0,0,0
BRDA:31,1,0,0
BRDA:31,1,1,0
BRDA:51,2,0,0
BRDA:67,3,0,0
BRDA:67,3,1,0
BRDA:87,4,0,0
BRDA:87,4,1,0
BRF:8
BRH:0
end_of_record
TN:
SF:src\Routes\AuthRoutes.ts
FN:7,(anonymous_8)
FN:7,(anonymous_9)
FNF:2
FNH:2
FNDA:5,(anonymous_8)
FNDA:5,(anonymous_9)
DA:1,4
DA:2,4
DA:3,4
DA:5,4
DA:7,5
DA:8,5
DA:9,5
DA:10,5
DA:12,5
DA:13,5
DA:17,0
DA:22,0
DA:28,4
LF:13
LH:11
BRDA:12,0,0,5
BRDA:12,0,1,0
BRF:2
BRH:1
end_of_record
TN:
SF:src\Routes\CommentRoutes.ts
FN:8,(anonymous_8)
FN:8,(anonymous_9)
FN:28,(anonymous_10)
FN:28,(anonymous_11)
FN:48,(anonymous_12)
FN:48,(anonymous_13)
FN:66,(anonymous_14)
FN:66,(anonymous_15)
FN:92,(anonymous_16)
FN:92,(anonymous_17)
FNF:10
FNH:2
FNDA:1,(anonymous_8)
FNDA:1,(anonymous_9)
FNDA:0,(anonymous_10)
FNDA:0,(anonymous_11)
FNDA:0,(anonymous_12)
FNDA:0,(anonymous_13)
FNDA:0,(anonymous_14)
FNDA:0,(anonymous_15)
FNDA:0,(anonymous_16)
FNDA:0,(anonymous_17)
DA:1,4
DA:2,4
DA:3,4
DA:4,4
DA:6,4
DA:8,4
DA:9,1
DA:10,1
DA:12,1
DA:13,1
DA:17,0
DA:22,0
DA:28,4
DA:29,0
DA:30,0
DA:32,0
DA:33,0
DA:37,0
DA:42,0
DA:48,4
DA:49,0
DA:50,0
DA:51,0
DA:53,0
DA:54,0
DA:60,0
DA:66,4
DA:67,0
DA:68,0
DA:69,0
DA:75,0
DA:76,0
DA:80,0
DA:86,0
DA:92,4
DA:93,0
DA:94,0
DA:95,0
DA:96,0
DA:100,0
DA:105,0
DA:110,4
LF:42
LH:15
BRDA:12,0,0,1
BRDA:12,0,1,0
BRDA:32,1,0,0
BRDA:32,1,1,0
BRDA:50,2,0,0
BRDA:53,3,0,0
BRDA:68,4,0,0
BRDA:75,5,0,0
BRDA:75,5,1,0
BRDA:95,6,0,0
BRDA:95,6,1,0
BRF:11
BRH:1
end_of_record
TN:
SF:src\Routes\PostRoutes.ts
FN:8,(anonymous_8)
FN:8,(anonymous_9)
FN:28,(anonymous_10)
FN:28,(anonymous_11)
FN:47,(anonymous_12)
FN:47,(anonymous_13)
FN:69,(anonymous_14)
FN:69,(anonymous_15)
FN:91,(anonymous_16)
FN:91,(anonymous_17)
FNF:10
FNH:2
FNDA:1,(anonymous_8)
FNDA:1,(anonymous_9)
FNDA:0,(anonymous_10)
FNDA:0,(anonymous_11)
FNDA:0,(anonymous_12)
FNDA:0,(anonymous_13)
FNDA:0,(anonymous_14)
FNDA:0,(anonymous_15)
FNDA:0,(anonymous_16)
FNDA:0,(anonymous_17)
DA:1,4
DA:2,4
DA:3,4
DA:4,4
DA:6,4
DA:8,4
DA:9,1
DA:10,1
DA:12,1
DA:13,1
DA:17,0
DA:22,0
DA:28,4
DA:29,0
DA:30,0
DA:31,0
DA:32,0
DA:36,0
DA:41,0
DA:47,4
DA:48,0
DA:49,0
DA:50,0
DA:52,0
DA:53,0
DA:58,0
DA:63,0
DA:69,4
DA:70,0
DA:71,0
DA:72,0
DA:74,0
DA:75,0
DA:79,0
DA:85,0
DA:91,4
DA:92,0
DA:93,0
DA:94,0
DA:95,0
DA:99,0
DA:104,0
DA:109,4
LF:43
LH:15
BRDA:12,0,0,1
BRDA:12,0,1,0
BRDA:31,1,0,0
BRDA:31,1,1,0
BRDA:49,2,0,0
BRDA:49,2,1,0
BRDA:52,3,0,0
BRDA:71,4,0,0
BRDA:74,5,0,0
BRDA:74,5,1,0
BRDA:94,6,0,0
BRDA:94,6,1,0
BRF:12
BRH:1
end_of_record
TN:
SF:src\Routes\UserRoutes.ts
FN:9,(anonymous_8)
FN:9,(anonymous_9)
FN:29,(anonymous_10)
FN:29,(anonymous_11)
FN:48,(anonymous_12)
FN:48,(anonymous_13)
FN:64,(anonymous_14)
FN:64,(anonymous_15)
FN:84,(anonymous_16)
FN:84,(anonymous_17)
FNF:10
FNH:6
FNDA:1,(anonymous_8)
FNDA:1,(anonymous_9)
FNDA:1,(anonymous_10)
FNDA:1,(anonymous_11)
FNDA:2,(anonymous_12)
FNDA:2,(anonymous_13)
FNDA:0,(anonymous_14)
FNDA:0,(anonymous_15)
FNDA:0,(anonymous_16)
FNDA:0,(anonymous_17)
DA:1,4
DA:2,4
DA:3,4
DA:4,4
DA:5,4
DA:7,4
DA:9,4
DA:10,1
DA:11,1
DA:13,1
DA:14,1
DA:18,0
DA:23,0
DA:29,4
DA:30,1
DA:31,1
DA:32,1
DA:33,1
DA:37,0
DA:42,0
DA:48,4
DA:49,2
DA:50,2
DA:52,1
DA:53,1
DA:58,1
DA:64,4
DA:65,0
DA:66,0
DA:68,0
DA:69,0
DA:73,0
DA:78,0
DA:84,4
DA:85,0
DA:86,0
DA:88,0
DA:89,0
DA:93,0
DA:98,0
DA:104,4
LF:41
LH:25
BRDA:13,0,0,1
BRDA:13,0,1,0
BRDA:32,1,0,1
BRDA:32,1,1,0
BRDA:52,2,0,1
BRDA:68,3,0,0
BRDA:68,3,1,0
BRDA:88,4,0,0
BRDA:88,4,1,0
BRF:9
BRH:3
end_of_record
TN:
SF:src\Typings\Article.d.ts
FNF:0
FNH:0
LF:0
LH:0
BRF:0
BRH:0
end_of_record
TN:
SF:src\Typings\Comment.d.ts
FNF:0
FNH:0
LF:0
LH:0
BRF:0
BRH:0
end_of_record
TN:
SF:src\Typings\Post.d.ts
FNF:0
FNH:0
LF:0
LH:0
BRF:0
BRH:0
end_of_record
TN:
SF:src\Typings\User.d.ts
FNF:0
FNH:0
LF:0
LH:0
BRF:0
BRH:0
end_of_record
TN:
SF:src\Utils\Server.ts
FN:10,(anonymous_1)
FNF:1
FNH:1
FNDA:4,(anonymous_1)
DA:3,4
DA:4,4
DA:5,4
DA:6,4
DA:7,4
DA:8,4
DA:10,4
DA:11,4
DA:13,4
DA:17,4
DA:19,4
DA:20,4
DA:21,4
DA:22,4
DA:23,4
DA:25,4
DA:28,4
LF:17
LH:17
BRF:0
BRH:0
end_of_record
TN:
SF:src\__tests__\mocks\data\articles.ts
FNF:0
FNH:0
DA:3,1
LF:1
LH:1
BRF:0
BRH:0
end_of_record
TN:
SF:src\__tests__\mocks\data\comments.ts
FNF:0
FNH:0
DA:3,1
LF:1
LH:1
BRF:0
BRH:0
end_of_record
TN:
SF:src\__tests__\mocks\data\posts.ts
FNF:0
FNH:0
DA:3,1
LF:1
LH:1
BRF:0
BRH:0
end_of_record
TN:
SF:src\__tests__\mocks\data\users.ts
FNF:0
FNH:0
DA:3,2
DA:5,2
LF:2
LH:2
BRF:0
BRH:0
end_of_record
TN:
SF:src\__tests__\mocks\http\app.ts
FN:7,(anonymous_1)
FNF:1
FNH:0
FNDA:0,(anonymous_1)
DA:3,4
DA:5,4
DA:7,4
DA:8,0
DA:11,4
LF:5
LH:4
BRF:0
BRH:0
end_of_record
TN:
SF:src\__tests__\mocks\http\index.ts
FNF:0
FNH:0
DA:1,0
DA:2,0
DA:4,0
DA:6,0
DA:10,0
DA:12,0
DA:14,0
LF:7
LH:0
BRF:0
BRH:0
end_of_record
TN:
SF:src\helpers\removeMongoID.ts
FN:9,removeIdField
FN:10,(anonymous_2)
FN:20,(anonymous_3)
FNF:3
FNH:3
FNDA:9,removeIdField
FNDA:12,(anonymous_2)
FNDA:6,(anonymous_3)
DA:9,4
DA:10,9
DA:11,12
DA:13,12
DA:14,12
DA:16,0
DA:19,9
DA:20,6
DA:22,6
LF:9
LH:8
BRDA:11,0,0,12
BRDA:11,1,0,12
BRDA:11,1,1,12
BRDA:19,2,0,3
BRDA:19,2,1,6
BRF:5
BRH:5
end_of_record
